I201101 09:36:12.254512 1 util/log/sync_buffer.go:70  [config] file created at: 2020/11/01 09:36:12
I201101 09:36:12.254512 1 util/log/sync_buffer.go:70  [config] running on machine: DESKTOP-PDHEF09
I201101 09:36:12.254512 1 util/log/sync_buffer.go:70  [config] binary: CockroachDB CCL v20.1.8 (x86_64-w64-mingw32, built 2020/10/21 15:56:58, go1.13.9)
I201101 09:36:12.254512 1 util/log/sync_buffer.go:70  [config] arguments: [C:\Program Files\cockroach-v20.1.8.windows-6.2-amd64\cockroach-v20.1.8.windows-6.2-amd64\cockroach.exe start --insecure --listen-addr=localhost]
I201101 09:36:12.254512 1 util/log/sync_buffer.go:70  line format: [IWEF]yymmdd hh:mm:ss.uuuuuu goid file:line msg utf8=✓
I201101 09:36:12.254510 1 cli/start.go:1223  logging to directory C:\Users\samue\Documents\GitHub\halloweenWeb\cockroach-data\logs
W201101 09:36:12.256956 1 cli/start.go:1272  RUNNING IN INSECURE MODE!

- Your cluster is open for any client that can access localhost.
- Any user, even root, can log in without providing a password.
- Any user, connecting as root, can read or write any data in your cluster.
- There is no network encryption nor authentication, and thus no confidentiality.

Check out how to secure your cluster: https://www.cockroachlabs.com/docs/v20.1/secure-a-cluster.html
W201101 09:36:12.256988 1 cli/start.go:1144  Using the default setting for --cache (128 MiB).
  A significantly larger value is usually needed for good performance.
  If you have a dedicated server a reasonable setting is --cache=.25 (16 GiB).
I201101 09:36:12.256998 1 cli/start.go:1286  CockroachDB CCL v20.1.8 (x86_64-w64-mingw32, built 2020/10/21 15:56:58, go1.13.9)
W201101 09:36:12.265807 1 cli/start.go:548  running 'cockroach start' without --join is deprecated.
Consider using 'cockroach start-single-node' or 'cockroach init' instead.
I201101 09:36:12.273128 1 server/config.go:404  system total memory: 64 GiB
I201101 09:36:12.273171 1 server/config.go:406  server configuration:
max offset             500000000
cache size             128 MiB
SQL memory pool size   16 GiB
scan interval          10m0s
scan min idle time     10ms
scan max idle time     1s
event log enabled      true
I201101 09:36:12.273185 1 cli/start.go:1129  process identity: uid S-1-5-21-2477386673-297547264-542362026-1001, gid S-1-5-21-2477386673-297547264-542362026-1001
I201101 09:36:12.273316 1 cli/start.go:697  starting cockroach node
I201101 09:36:12.278027 22 storage/rocksdb.go:606  opening rocksdb instance at "C:\\Users\\samue\\Documents\\GitHub\\halloweenWeb\\cockroach-data\\cockroach-temp261384835"
I201101 09:36:12.598520 22 server/server.go:1071  [n?] monitoring forward clock jumps based on server.clock.forward_jump_check_enabled
I201101 09:36:12.598979 22 storage/rocksdb.go:606  opening rocksdb instance at "C:\\Users\\samue\\Documents\\GitHub\\halloweenWeb\\cockroach-data"
I201101 09:36:12.970939 22 server/config.go:578  [n?] 1 storage engine initialized
I201101 09:36:12.970952 22 server/config.go:581  [n?] RocksDB cache size: 128 MiB
I201101 09:36:12.970960 22 server/config.go:581  [n?] store 0: RocksDB, max size 0 B, max open file limit 10000
I201101 09:36:12.978909 22 server/server.go:1117  [n?] Sleeping till wall time 1604223372978883000 to catches up to 1604223373098485001 to ensure monotonicity. Delta: 119.602001ms
I201101 09:36:13.098917 22 gossip/gossip.go:395  [n1] NodeDescriptor set to node_id:1 address:<network_field:"tcp" address_field:"localhost:26257" > attrs:<> locality:<> ServerVersion:<major_val:20 minor_val:1 patch:0 unstable:0 > build_tag:"v20.1.8" started_at:1604223373098772400 cluster_name:"" sql_address:<network_field:"tcp" address_field:"localhost:26257" > 
W201101 09:36:13.111979 320 kv/kvserver/replica_range_lease.go:554  can't determine lease status due to node liveness error: node not in the liveness table
github.com/cockroachdb/cockroach/pkg/kv/kvserver.init
	/go/src/github.com/cockroachdb/cockroach/pkg/kv/kvserver/node_liveness.go:44
runtime.doInit
	/usr/local/go/src/runtime/proc.go:5222
runtime.doInit
	/usr/local/go/src/runtime/proc.go:5217
runtime.doInit
	/usr/local/go/src/runtime/proc.go:5217
runtime.doInit
	/usr/local/go/src/runtime/proc.go:5217
runtime.main
	/usr/local/go/src/runtime/proc.go:190
runtime.goexit
	/usr/local/go/src/runtime/asm_amd64.s:1357
W201101 09:36:13.112066 320 kv/kvserver/store.go:1631  [n1,s1,r6/1:/Table/{SystemCon…-11}] could not gossip system config: [NotLeaseHolderError] r6: replica (n1,s1):1 not lease holder; lease holder unknown
I201101 09:36:13.115085 22 server/node.go:428  [n1] initialized store [n1,s1]: disk (capacity=638 GiB, available=466 GiB, used=3.0 MiB, logicalBytes=57 MiB), ranges=32, leases=0, queries=0.00, writes=0.00, bytesPerReplica={p10=0.00 p25=0.00 p50=0.00 p75=1409.00 p90=14647.00 pMax=59370364.00}, writesPerReplica={p10=0.00 p25=0.00 p50=0.00 p75=0.00 p90=0.00 pMax=0.00}
I201101 09:36:13.115182 22 kv/kvserver/stores.go:247  [n1] read 0 node addresses from persistent storage
I201101 09:36:13.115260 22 server/node.go:649  [n1] connecting to gossip network to verify cluster ID...
I201101 09:36:13.115273 22 server/node.go:669  [n1] node connected via gossip and verified as part of cluster "846acbbe-3ab2-44bd-a1b7-9aa882763b89"
I201101 09:36:13.115333 22 server/node.go:512  [n1] node=1: started with [<no-attributes>=C:\Users\samue\Documents\GitHub\halloweenWeb\cockroach-data] engine(s) and attributes []
I201101 09:36:13.115490 332 sql/temporary_schema.go:452  [n1] skipping temporary object cleanup run as it is not the leaseholder
I201101 09:36:13.115509 332 sql/temporary_schema.go:453  [n1] completed temporary object cleanup job
I201101 09:36:13.115523 332 sql/temporary_schema.go:575  [n1] temporary object cleaner next scheduled to run at 2020-11-01 10:06:13.1153688 +0000 UTC
I201101 09:36:13.115611 22 server/server.go:1656  [n1] starting http server at 127.0.0.1:8080 (use: localhost:8080)
I201101 09:36:13.115623 22 server/server.go:1663  [n1] starting grpc/postgres server at 127.0.0.1:26257
I201101 09:36:13.115634 22 server/server.go:1664  [n1] advertising CockroachDB node at localhost:26257
I201101 09:36:13.126197 22 server/server.go:1824  [n1] done ensuring all necessary migrations have run
I201101 09:36:13.126240 22 server/server.go:2066  [n1] serving sql connections
I201101 09:36:13.126316 177 sqlmigrations/migrations.go:668  [n1] starting wait for upgrade finalization before schema change job migration
I201101 09:36:13.126515 22 cli/start.go:857  [config] clusterID: 846acbbe-3ab2-44bd-a1b7-9aa882763b89
I201101 09:36:13.126537 22 cli/start.go:866  node startup completed:
CockroachDB node starting at 2020-11-01 09:36:13.1263777 +0000 UTC (took 0.9s)
build:               CCL v20.1.8 @ 2020/10/21 15:56:58 (go1.13.9)
webui:               http://localhost:8080
sql:                 postgresql://root@localhost:26257?sslmode=disable
RPC client flags:    C:\Program Files\cockroach-v20.1.8.windows-6.2-amd64\cockroach-v20.1.8.windows-6.2-amd64\cockroach.exe <client cmd> --host=localhost:26257 --insecure
logs:                C:\Users\samue\Documents\GitHub\halloweenWeb\cockroach-data\logs
temp dir:            C:\Users\samue\Documents\GitHub\halloweenWeb\cockroach-data\cockroach-temp261384835
external I/O path:   C:\Users\samue\Documents\GitHub\halloweenWeb\cockroach-data\extern
store[0]:            path=C:\Users\samue\Documents\GitHub\halloweenWeb\cockroach-data
storage engine:      rocksdb
status:              restarted pre-existing node
clusterID:           846acbbe-3ab2-44bd-a1b7-9aa882763b89
nodeID:              1
I201101 09:36:13.126870 177 sqlmigrations/migrations.go:694  [n1] schema change job migration already complete
I201101 09:36:13.133586 175 server/server_update.go:55  [n1] no need to upgrade, cluster already at the newest version
I201101 09:36:13.140036 434 sql/event_log.go:132  [n1] Event: "node_restart", target: 1, info: {Descriptor:{NodeID:1 Address:localhost:26257 Attrs: Locality: ServerVersion:20.1 BuildTag:v20.1.8 StartedAt:1604223373098772400 LocalityAddress:[] ClusterName: SQLAddress:localhost:26257} ClusterID:846acbbe-3ab2-44bd-a1b7-9aa882763b89 StartedAt:1604223373098772400 LastUp:1604223260104709300}
I201101 09:36:15.337436 155 gossip/gossip.go:1527  [n1] node has connected to cluster via gossip
I201101 09:36:15.337532 155 kv/kvserver/stores.go:266  [n1] wrote 0 node addresses to persistent storage
W201101 09:36:23.127779 334 server/status/runtime.go:420  [n1] unable to get file descriptor usage (will not try again): not implemented on windows
I201101 09:36:23.423289 334 server/status/runtime.go:498  [n1] runtime stats: 135 MiB RSS, 241 goroutines, 110 MiB/5.1 MiB/131 MiB GO alloc/idle/total, 17 MiB/20 MiB CGO alloc/total, 0.0 CGO/sec, 0.0/0.0 %(u/s)time, 0.0 %gc (8x), 15 KiB/7.7 KiB (r/w)net
I201101 09:36:33.120602 328 kv/kvserver/store.go:2474  [n1,s1] sstables (read amplification = 2):
0 [ 212K 1 ]: 212K
6 [   1M 1 ]: 1M
I201101 09:36:33.120804 328 kv/kvserver/store.go:2475  [n1,s1] 
** Compaction Stats [default] **
Level    Files   Size     Score Read(GB)  Rn(GB) Rnp1(GB) Write(GB) Wnew(GB) Moved(GB) W-Amp Rd(MB/s) Wr(MB/s) Comp(sec) CompMergeCPU(sec) Comp(cnt) Avg(sec) KeyIn KeyDrop
----------------------------------------------------------------------------------------------------------------------------------------------------------------------------
  L0      1/0   211.79 KB   0.5      0.0     0.0      0.0       0.0      0.0       0.0   1.0      0.0      0.8      0.26              0.00         1    0.256       0      0
  L6      1/0    1.50 MB   0.0      0.0     0.0      0.0       0.0      0.0       0.0   0.0      0.0      0.0      0.00              0.00         0    0.000       0      0
 Sum      2/0    1.70 MB   0.0      0.0     0.0      0.0       0.0      0.0       0.0   1.0      0.0      0.8      0.26              0.00         1    0.256       0      0
 Int      0/0    0.00 KB   0.0      0.0     0.0      0.0       0.0      0.0       0.0   1.0      0.0      0.8      0.26              0.00         1    0.256       0      0

** Compaction Stats [default] **
Priority    Files   Size     Score Read(GB)  Rn(GB) Rnp1(GB) Write(GB) Wnew(GB) Moved(GB) W-Amp Rd(MB/s) Wr(MB/s) Comp(sec) CompMergeCPU(sec) Comp(cnt) Avg(sec) KeyIn KeyDrop
-------------------------------------------------------------------------------------------------------------------------------------------------------------------------------
User      0/0    0.00 KB   0.0      0.0     0.0      0.0       0.0      0.0       0.0   0.0      0.0      0.8      0.26              0.00         1    0.256       0      0
Uptime(secs): 20.5 total, 20.5 interval
Flush(GB): cumulative 0.000, interval 0.000
AddFile(GB): cumulative 0.000, interval 0.000
AddFile(Total Files): cumulative 0, interval 0
AddFile(L0 Files): cumulative 0, interval 0
AddFile(Keys): cumulative 0, interval 0
Cumulative compaction: 0.00 GB write, 0.01 MB/s write, 0.00 GB read, 0.00 MB/s read, 0.3 seconds
Interval compaction: 0.00 GB write, 0.01 MB/s write, 0.00 GB read, 0.00 MB/s read, 0.3 seconds
Stalls(count): 0 level0_slowdown, 0 level0_slowdown_with_compaction, 0 level0_numfiles, 0 level0_numfiles_with_compaction, 0 stop for pending_compaction_bytes, 0 slowdown for pending_compaction_bytes, 0 memtable_compaction, 0 memtable_slowdown, interval 0 total count
estimated_pending_compaction_bytes: 0 B
I201101 09:36:33.436726 334 server/status/runtime.go:498  [n1] runtime stats: 155 MiB RSS, 253 goroutines, 98 MiB/29 MiB/130 MiB GO alloc/idle/total, 16 MiB/24 MiB CGO alloc/total, 39627.6 CGO/sec, 32.6/1.9 %(u/s)time, 0.0 %gc (12x), 8.2 KiB/8.0 KiB (r/w)net
I201101 09:36:43.420967 334 server/status/runtime.go:498  [n1] runtime stats: 156 MiB RSS, 255 goroutines, 66 MiB/48 MiB/130 MiB GO alloc/idle/total, 16 MiB/24 MiB CGO alloc/total, 381.0 CGO/sec, 0.2/0.2 %(u/s)time, 0.0 %gc (1x), 7.2 KiB/11 KiB (r/w)net
I201101 09:36:53.434557 334 server/status/runtime.go:498  [n1] runtime stats: 157 MiB RSS, 255 goroutines, 78 MiB/39 MiB/131 MiB GO alloc/idle/total, 17 MiB/24 MiB CGO alloc/total, 482.1 CGO/sec, 0.8/0.0 %(u/s)time, 0.0 %gc (0x), 13 KiB/6.5 KiB (r/w)net
I201101 09:37:03.430218 334 server/status/runtime.go:498  [n1] runtime stats: 157 MiB RSS, 254 goroutines, 82 MiB/35 MiB/131 MiB GO alloc/idle/total, 17 MiB/24 MiB CGO alloc/total, 204.5 CGO/sec, 0.3/0.2 %(u/s)time, 0.0 %gc (0x), 10 KiB/19 KiB (r/w)net
I201101 09:37:13.120533 329 gossip/gossip.go:567  [n1] gossip status (ok, 1 node)
gossip client (0/3 cur/max conns)
gossip server (0/3 cur/max conns, infos 0/0 sent/received, bytes 0B/0B sent/received)
gossip connectivity
  n1 [sentinel];
I201101 09:37:13.434444 334 server/status/runtime.go:498  [n1] runtime stats: 160 MiB RSS, 253 goroutines, 93 MiB/26 MiB/132 MiB GO alloc/idle/total, 17 MiB/25 MiB CGO alloc/total, 352.3 CGO/sec, 0.0/0.5 %(u/s)time, 0.0 %gc (0x), 62 KiB/14 KiB (r/w)net
I201101 09:37:23.426430 334 server/status/runtime.go:498  [n1] runtime stats: 164 MiB RSS, 254 goroutines, 99 MiB/20 MiB/136 MiB GO alloc/idle/total, 17 MiB/25 MiB CGO alloc/total, 195.6 CGO/sec, 0.2/0.2 %(u/s)time, 0.0 %gc (0x), 5.5 KiB/5.1 KiB (r/w)net
I201101 09:37:33.431080 334 server/status/runtime.go:498  [n1] runtime stats: 169 MiB RSS, 253 goroutines, 104 MiB/17 MiB/141 MiB GO alloc/idle/total, 17 MiB/25 MiB CGO alloc/total, 212.5 CGO/sec, 0.3/0.3 %(u/s)time, 0.0 %gc (1x), 9.8 KiB/7.1 KiB (r/w)net
I201101 09:37:43.424935 334 server/status/runtime.go:498  [n1] runtime stats: 169 MiB RSS, 254 goroutines, 64 MiB/51 MiB/141 MiB GO alloc/idle/total, 17 MiB/25 MiB CGO alloc/total, 244.6 CGO/sec, 0.5/0.0 %(u/s)time, 0.0 %gc (0x), 3.9 KiB/3.5 KiB (r/w)net
I201101 09:37:53.438169 334 server/status/runtime.go:498  [n1] runtime stats: 169 MiB RSS, 254 goroutines, 72 MiB/45 MiB/141 MiB GO alloc/idle/total, 17 MiB/25 MiB CGO alloc/total, 211.5 CGO/sec, 0.2/0.0 %(u/s)time, 0.0 %gc (0x), 7.2 KiB/6.3 KiB (r/w)net
I201101 09:38:03.433192 334 server/status/runtime.go:498  [n1] runtime stats: 170 MiB RSS, 255 goroutines, 80 MiB/37 MiB/141 MiB GO alloc/idle/total, 18 MiB/25 MiB CGO alloc/total, 210.7 CGO/sec, 0.3/0.3 %(u/s)time, 0.0 %gc (0x), 317 KiB/43 KiB (r/w)net
I201101 09:38:13.116701 329 gossip/gossip.go:567  [n1] gossip status (ok, 1 node)
gossip client (0/3 cur/max conns)
gossip server (0/3 cur/max conns, infos 0/0 sent/received, bytes 0B/0B sent/received)
I201101 09:38:13.434778 334 server/status/runtime.go:498  [n1] runtime stats: 170 MiB RSS, 254 goroutines, 88 MiB/30 MiB/141 MiB GO alloc/idle/total, 18 MiB/25 MiB CGO alloc/total, 351.0 CGO/sec, 0.0/0.0 %(u/s)time, 0.0 %gc (0x), 42 KiB/21 KiB (r/w)net
I201101 09:38:23.438674 334 server/status/runtime.go:498  [n1] runtime stats: 170 MiB RSS, 254 goroutines, 95 MiB/24 MiB/141 MiB GO alloc/idle/total, 18 MiB/25 MiB CGO alloc/total, 200.0 CGO/sec, 0.2/0.2 %(u/s)time, 0.0 %gc (0x), 36 KiB/16 KiB (r/w)net
I201101 09:38:33.429928 334 server/status/runtime.go:498  [n1] runtime stats: 171 MiB RSS, 253 goroutines, 102 MiB/18 MiB/141 MiB GO alloc/idle/total, 18 MiB/25 MiB CGO alloc/total, 221.9 CGO/sec, 0.3/0.0 %(u/s)time, 0.0 %gc (0x), 5.8 KiB/6.0 KiB (r/w)net
I201101 09:38:43.428757 334 server/status/runtime.go:498  [n1] runtime stats: 171 MiB RSS, 254 goroutines, 57 MiB/58 MiB/141 MiB GO alloc/idle/total, 18 MiB/26 MiB CGO alloc/total, 270.6 CGO/sec, 0.5/0.2 %(u/s)time, 0.0 %gc (1x), 32 KiB/4.6 KiB (r/w)net
I201101 09:38:53.435065 334 server/status/runtime.go:498  [n1] runtime stats: 171 MiB RSS, 255 goroutines, 67 MiB/49 MiB/141 MiB GO alloc/idle/total, 18 MiB/26 MiB CGO alloc/total, 215.2 CGO/sec, 0.2/0.2 %(u/s)time, 0.0 %gc (0x), 2.1 KiB/1.1 KiB (r/w)net
I201101 09:39:03.429684 334 server/status/runtime.go:498  [n1] runtime stats: 172 MiB RSS, 254 goroutines, 76 MiB/40 MiB/141 MiB GO alloc/idle/total, 18 MiB/26 MiB CGO alloc/total, 206.6 CGO/sec, 0.2/0.3 %(u/s)time, 0.0 %gc (0x), 14 KiB/18 KiB (r/w)net
I201101 09:39:13.120801 329 gossip/gossip.go:567  [n1] gossip status (ok, 1 node)
gossip client (0/3 cur/max conns)
gossip server (0/3 cur/max conns, infos 0/0 sent/received, bytes 0B/0B sent/received)
I201101 09:39:13.435241 334 server/status/runtime.go:498  [n1] runtime stats: 172 MiB RSS, 255 goroutines, 83 MiB/34 MiB/141 MiB GO alloc/idle/total, 18 MiB/26 MiB CGO alloc/total, 301.0 CGO/sec, 0.5/0.3 %(u/s)time, 0.0 %gc (0x), 10 KiB/11 KiB (r/w)net
I201101 09:39:23.429040 334 server/status/runtime.go:498  [n1] runtime stats: 172 MiB RSS, 253 goroutines, 90 MiB/28 MiB/141 MiB GO alloc/idle/total, 18 MiB/26 MiB CGO alloc/total, 260.9 CGO/sec, 0.0/0.2 %(u/s)time, 0.0 %gc (0x), 432 KiB/36 KiB (r/w)net
I201101 09:39:33.444666 334 server/status/runtime.go:498  [n1] runtime stats: 173 MiB RSS, 253 goroutines, 97 MiB/22 MiB/141 MiB GO alloc/idle/total, 18 MiB/26 MiB CGO alloc/total, 215.7 CGO/sec, 0.3/0.2 %(u/s)time, 0.0 %gc (0x), 30 KiB/12 KiB (r/w)net
I201101 09:39:43.438838 334 server/status/runtime.go:498  [n1] runtime stats: 173 MiB RSS, 254 goroutines, 104 MiB/16 MiB/141 MiB GO alloc/idle/total, 18 MiB/26 MiB CGO alloc/total, 219.7 CGO/sec, 0.0/0.3 %(u/s)time, 0.0 %gc (0x), 7.3 KiB/6.2 KiB (r/w)net
I201101 09:39:53.457016 334 server/status/runtime.go:498  [n1] runtime stats: 173 MiB RSS, 254 goroutines, 60 MiB/54 MiB/141 MiB GO alloc/idle/total, 18 MiB/26 MiB CGO alloc/total, 217.1 CGO/sec, 0.2/0.3 %(u/s)time, 0.0 %gc (1x), 32 KiB/17 KiB (r/w)net
I201101 09:40:03.454474 334 server/status/runtime.go:498  [n1] runtime stats: 173 MiB RSS, 254 goroutines, 68 MiB/48 MiB/141 MiB GO alloc/idle/total, 18 MiB/26 MiB CGO alloc/total, 217.7 CGO/sec, 0.5/0.3 %(u/s)time, 0.0 %gc (0x), 6.4 KiB/9.1 KiB (r/w)net
I201101 09:40:13.115484 329 gossip/gossip.go:567  [n1] gossip status (ok, 1 node)
gossip client (0/3 cur/max conns)
gossip server (0/3 cur/max conns, infos 0/0 sent/received, bytes 0B/0B sent/received)
I201101 09:40:13.450008 334 server/status/runtime.go:498  [n1] runtime stats: 173 MiB RSS, 254 goroutines, 77 MiB/40 MiB/141 MiB GO alloc/idle/total, 18 MiB/26 MiB CGO alloc/total, 354.8 CGO/sec, 0.6/0.3 %(u/s)time, 0.0 %gc (0x), 115 KiB/27 KiB (r/w)net
I201101 09:40:23.464844 334 server/status/runtime.go:498  [n1] runtime stats: 174 MiB RSS, 253 goroutines, 85 MiB/33 MiB/141 MiB GO alloc/idle/total, 18 MiB/26 MiB CGO alloc/total, 227.1 CGO/sec, 0.2/0.1 %(u/s)time, 0.0 %gc (0x), 156 KiB/72 KiB (r/w)net
I201101 09:40:33.460390 334 server/status/runtime.go:498  [n1] runtime stats: 174 MiB RSS, 253 goroutines, 92 MiB/26 MiB/141 MiB GO alloc/idle/total, 18 MiB/26 MiB CGO alloc/total, 218.1 CGO/sec, 0.3/0.2 %(u/s)time, 0.0 %gc (0x), 13 KiB/9.9 KiB (r/w)net
I201101 09:40:43.457953 334 server/status/runtime.go:498  [n1] runtime stats: 174 MiB RSS, 255 goroutines, 99 MiB/20 MiB/141 MiB GO alloc/idle/total, 18 MiB/26 MiB CGO alloc/total, 227.2 CGO/sec, 0.8/0.3 %(u/s)time, 0.0 %gc (0x), 5.3 KiB/6.5 KiB (r/w)net
I201101 09:40:53.463882 334 server/status/runtime.go:498  [n1] runtime stats: 175 MiB RSS, 254 goroutines, 57 MiB/58 MiB/141 MiB GO alloc/idle/total, 18 MiB/26 MiB CGO alloc/total, 206.6 CGO/sec, 2.8/0.2 %(u/s)time, 0.0 %gc (1x), 1.5 KiB/1.4 KiB (r/w)net
I201101 09:41:03.451285 334 server/status/runtime.go:498  [n1] runtime stats: 175 MiB RSS, 254 goroutines, 64 MiB/52 MiB/141 MiB GO alloc/idle/total, 18 MiB/26 MiB CGO alloc/total, 202.7 CGO/sec, 0.5/0.0 %(u/s)time, 0.0 %gc (0x), 30 KiB/4.0 KiB (r/w)net
I201101 09:41:13.118909 329 gossip/gossip.go:567  [n1] gossip status (ok, 1 node)
gossip client (0/3 cur/max conns)
gossip server (0/3 cur/max conns, infos 0/0 sent/received, bytes 0B/0B sent/received)
I201101 09:41:13.458360 334 server/status/runtime.go:498  [n1] runtime stats: 175 MiB RSS, 255 goroutines, 72 MiB/45 MiB/141 MiB GO alloc/idle/total, 18 MiB/26 MiB CGO alloc/total, 338.9 CGO/sec, 0.3/0.2 %(u/s)time, 0.0 %gc (0x), 62 KiB/42 KiB (r/w)net
I201101 09:41:23.458430 334 server/status/runtime.go:498  [n1] runtime stats: 176 MiB RSS, 253 goroutines, 79 MiB/39 MiB/141 MiB GO alloc/idle/total, 18 MiB/26 MiB CGO alloc/total, 289.6 CGO/sec, 0.1/0.3 %(u/s)time, 0.0 %gc (0x), 5.7 KiB/7.3 KiB (r/w)net
I201101 09:41:33.462715 334 server/status/runtime.go:498  [n1] runtime stats: 176 MiB RSS, 252 goroutines, 86 MiB/32 MiB/141 MiB GO alloc/idle/total, 18 MiB/26 MiB CGO alloc/total, 227.3 CGO/sec, 0.8/0.3 %(u/s)time, 0.0 %gc (0x), 1.2 MiB/65 KiB (r/w)net
I201101 09:41:43.465023 334 server/status/runtime.go:498  [n1] runtime stats: 176 MiB RSS, 253 goroutines, 93 MiB/26 MiB/141 MiB GO alloc/idle/total, 26 MiB/34 MiB CGO alloc/total, 215.5 CGO/sec, 0.6/0.2 %(u/s)time, 0.0 %gc (0x), 9.0 KiB/10 KiB (r/w)net
I201101 09:41:53.453683 334 server/status/runtime.go:498  [n1] runtime stats: 176 MiB RSS, 250 goroutines, 100 MiB/20 MiB/141 MiB GO alloc/idle/total, 26 MiB/34 MiB CGO alloc/total, 215.1 CGO/sec, 0.0/0.5 %(u/s)time, 0.0 %gc (0x), 19 KiB/9.5 KiB (r/w)net
I201101 09:42:03.464883 334 server/status/runtime.go:498  [n1] runtime stats: 177 MiB RSS, 250 goroutines, 106 MiB/14 MiB/141 MiB GO alloc/idle/total, 26 MiB/34 MiB CGO alloc/total, 200.8 CGO/sec, 0.2/0.1 %(u/s)time, 0.0 %gc (0x), 2.4 KiB/2.7 KiB (r/w)net
I201101 09:42:13.115031 329 gossip/gossip.go:567  [n1] gossip status (ok, 1 node)
gossip client (0/3 cur/max conns)
gossip server (0/3 cur/max conns, infos 0/0 sent/received, bytes 0B/0B sent/received)
I201101 09:42:13.470145 334 server/status/runtime.go:498  [n1] runtime stats: 177 MiB RSS, 249 goroutines, 61 MiB/54 MiB/141 MiB GO alloc/idle/total, 26 MiB/34 MiB CGO alloc/total, 269.3 CGO/sec, 0.0/0.3 %(u/s)time, 0.0 %gc (1x), 9.6 KiB/11 KiB (r/w)net
I201101 09:42:23.466099 334 server/status/runtime.go:498  [n1] runtime stats: 177 MiB RSS, 249 goroutines, 69 MiB/47 MiB/141 MiB GO alloc/idle/total, 26 MiB/34 MiB CGO alloc/total, 321.1 CGO/sec, 0.2/0.0 %(u/s)time, 0.0 %gc (0x), 34 KiB/21 KiB (r/w)net
I201101 09:42:33.463652 334 server/status/runtime.go:498  [n1] runtime stats: 178 MiB RSS, 249 goroutines, 76 MiB/41 MiB/141 MiB GO alloc/idle/total, 26 MiB/34 MiB CGO alloc/total, 199.4 CGO/sec, 0.2/0.0 %(u/s)time, 0.0 %gc (0x), 134 KiB/33 KiB (r/w)net
I201101 09:42:43.468649 334 server/status/runtime.go:498  [n1] runtime stats: 178 MiB RSS, 250 goroutines, 83 MiB/35 MiB/141 MiB GO alloc/idle/total, 26 MiB/34 MiB CGO alloc/total, 235.8 CGO/sec, 0.3/0.0 %(u/s)time, 0.0 %gc (0x), 26 KiB/18 KiB (r/w)net
I201101 09:42:53.471989 334 server/status/runtime.go:498  [n1] runtime stats: 178 MiB RSS, 250 goroutines, 90 MiB/29 MiB/141 MiB GO alloc/idle/total, 26 MiB/34 MiB CGO alloc/total, 201.0 CGO/sec, 0.3/0.0 %(u/s)time, 0.0 %gc (0x), 1.4 KiB/1.3 KiB (r/w)net
I201101 09:43:03.468556 334 server/status/runtime.go:498  [n1] runtime stats: 178 MiB RSS, 250 goroutines, 96 MiB/23 MiB/141 MiB GO alloc/idle/total, 26 MiB/34 MiB CGO alloc/total, 224.3 CGO/sec, 0.2/0.2 %(u/s)time, 0.0 %gc (0x), 7.7 KiB/6.4 KiB (r/w)net
I201101 09:43:13.118562 329 gossip/gossip.go:567  [n1] gossip status (ok, 1 node)
gossip client (0/3 cur/max conns)
gossip server (0/3 cur/max conns, infos 0/0 sent/received, bytes 0B/0B sent/received)
I201101 09:43:13.466152 334 server/status/runtime.go:498  [n1] runtime stats: 178 MiB RSS, 249 goroutines, 103 MiB/16 MiB/141 MiB GO alloc/idle/total, 26 MiB/34 MiB CGO alloc/total, 241.7 CGO/sec, 0.3/0.0 %(u/s)time, 0.0 %gc (0x), 4.1 KiB/3.8 KiB (r/w)net
I201101 09:43:23.456155 334 server/status/runtime.go:498  [n1] runtime stats: 179 MiB RSS, 249 goroutines, 55 MiB/59 MiB/141 MiB GO alloc/idle/total, 26 MiB/34 MiB CGO alloc/total, 316.3 CGO/sec, 0.5/0.0 %(u/s)time, 0.0 %gc (1x), 34 KiB/23 KiB (r/w)net
I201101 09:43:33.465857 334 server/status/runtime.go:498  [n1] runtime stats: 179 MiB RSS, 249 goroutines, 62 MiB/53 MiB/141 MiB GO alloc/idle/total, 26 MiB/34 MiB CGO alloc/total, 209.9 CGO/sec, 0.2/0.3 %(u/s)time, 0.0 %gc (0x), 18 KiB/15 KiB (r/w)net
I201101 09:43:43.464296 334 server/status/runtime.go:498  [n1] runtime stats: 179 MiB RSS, 250 goroutines, 70 MiB/47 MiB/141 MiB GO alloc/idle/total, 26 MiB/34 MiB CGO alloc/total, 298.6 CGO/sec, 0.3/0.0 %(u/s)time, 0.0 %gc (0x), 7.6 KiB/6.5 KiB (r/w)net
I201101 09:43:53.464752 334 server/status/runtime.go:498  [n1] runtime stats: 180 MiB RSS, 250 goroutines, 76 MiB/41 MiB/141 MiB GO alloc/idle/total, 26 MiB/34 MiB CGO alloc/total, 208.8 CGO/sec, 0.0/0.3 %(u/s)time, 0.0 %gc (0x), 11 KiB/8.6 KiB (r/w)net
I201101 09:44:03.460310 334 server/status/runtime.go:498  [n1] runtime stats: 180 MiB RSS, 250 goroutines, 84 MiB/34 MiB/141 MiB GO alloc/idle/total, 26 MiB/34 MiB CGO alloc/total, 206.0 CGO/sec, 0.3/0.2 %(u/s)time, 0.0 %gc (0x), 1.7 KiB/1.9 KiB (r/w)net
I201101 09:44:13.114951 329 gossip/gossip.go:567  [n1] gossip status (ok, 1 node)
gossip client (0/3 cur/max conns)
gossip server (0/3 cur/max conns, infos 0/0 sent/received, bytes 0B/0B sent/received)
I201101 09:44:13.467561 334 server/status/runtime.go:498  [n1] runtime stats: 180 MiB RSS, 249 goroutines, 90 MiB/28 MiB/141 MiB GO alloc/idle/total, 26 MiB/34 MiB CGO alloc/total, 252.9 CGO/sec, 0.0/0.3 %(u/s)time, 0.0 %gc (0x), 3.3 KiB/3.5 KiB (r/w)net
I201101 09:44:23.468263 334 server/status/runtime.go:498  [n1] runtime stats: 180 MiB RSS, 249 goroutines, 98 MiB/21 MiB/141 MiB GO alloc/idle/total, 26 MiB/34 MiB CGO alloc/total, 309.0 CGO/sec, 0.0/0.2 %(u/s)time, 0.0 %gc (0x), 5.2 KiB/3.9 KiB (r/w)net
I201101 09:44:33.475670 334 server/status/runtime.go:498  [n1] runtime stats: 181 MiB RSS, 249 goroutines, 54 MiB/60 MiB/141 MiB GO alloc/idle/total, 26 MiB/34 MiB CGO alloc/total, 219.3 CGO/sec, 0.3/0.0 %(u/s)time, 0.0 %gc (1x), 3.2 KiB/2.1 KiB (r/w)net
I201101 09:44:43.464255 334 server/status/runtime.go:498  [n1] runtime stats: 181 MiB RSS, 250 goroutines, 61 MiB/54 MiB/141 MiB GO alloc/idle/total, 26 MiB/34 MiB CGO alloc/total, 230.2 CGO/sec, 0.2/0.2 %(u/s)time, 0.0 %gc (0x), 3.1 KiB/4.5 KiB (r/w)net
I201101 09:44:53.468061 334 server/status/runtime.go:498  [n1] runtime stats: 181 MiB RSS, 250 goroutines, 68 MiB/48 MiB/141 MiB GO alloc/idle/total, 26 MiB/34 MiB CGO alloc/total, 224.1 CGO/sec, 0.3/0.1 %(u/s)time, 0.0 %gc (0x), 9.7 KiB/4.5 KiB (r/w)net
I201101 09:45:03.473079 334 server/status/runtime.go:498  [n1] runtime stats: 182 MiB RSS, 250 goroutines, 75 MiB/42 MiB/141 MiB GO alloc/idle/total, 26 MiB/34 MiB CGO alloc/total, 196.1 CGO/sec, 0.2/0.2 %(u/s)time, 0.0 %gc (0x), 16 KiB/4.4 KiB (r/w)net
I201101 09:45:13.120889 329 gossip/gossip.go:567  [n1] gossip status (ok, 1 node)
gossip client (0/3 cur/max conns)
gossip server (0/3 cur/max conns, infos 0/0 sent/received, bytes 0B/0B sent/received)
I201101 09:45:13.475424 334 server/status/runtime.go:498  [n1] runtime stats: 182 MiB RSS, 249 goroutines, 82 MiB/36 MiB/141 MiB GO alloc/idle/total, 26 MiB/34 MiB CGO alloc/total, 251.6 CGO/sec, 0.0/0.3 %(u/s)time, 0.0 %gc (0x), 11 KiB/15 KiB (r/w)net
I201101 09:45:23.468217 334 server/status/runtime.go:498  [n1] runtime stats: 182 MiB RSS, 249 goroutines, 89 MiB/29 MiB/141 MiB GO alloc/idle/total, 26 MiB/34 MiB CGO alloc/total, 314.4 CGO/sec, 0.0/0.5 %(u/s)time, 0.0 %gc (0x), 5.7 KiB/5.1 KiB (r/w)net
I201101 09:45:33.462820 334 server/status/runtime.go:498  [n1] runtime stats: 182 MiB RSS, 248 goroutines, 96 MiB/23 MiB/141 MiB GO alloc/idle/total, 26 MiB/34 MiB CGO alloc/total, 210.2 CGO/sec, 0.2/0.2 %(u/s)time, 0.0 %gc (0x), 3.4 KiB/1.8 KiB (r/w)net
I201101 09:45:43.478412 334 server/status/runtime.go:498  [n1] runtime stats: 182 MiB RSS, 249 goroutines, 103 MiB/17 MiB/141 MiB GO alloc/idle/total, 26 MiB/34 MiB CGO alloc/total, 229.3 CGO/sec, 0.1/0.3 %(u/s)time, 0.0 %gc (0x), 4.7 KiB/3.7 KiB (r/w)net
I201101 09:45:53.482455 334 server/status/runtime.go:498  [n1] runtime stats: 183 MiB RSS, 249 goroutines, 60 MiB/55 MiB/141 MiB GO alloc/idle/total, 26 MiB/34 MiB CGO alloc/total, 195.7 CGO/sec, 0.2/0.3 %(u/s)time, 0.0 %gc (1x), 2.0 KiB/2.8 KiB (r/w)net
I201101 09:46:03.473698 334 server/status/runtime.go:498  [n1] runtime stats: 183 MiB RSS, 249 goroutines, 67 MiB/49 MiB/141 MiB GO alloc/idle/total, 26 MiB/34 MiB CGO alloc/total, 274.7 CGO/sec, 0.3/0.2 %(u/s)time, 0.0 %gc (0x), 4.0 KiB/2.9 KiB (r/w)net
I201101 09:46:13.114960 329 gossip/gossip.go:567  [n1] gossip status (ok, 1 node)
gossip client (0/3 cur/max conns)
gossip server (0/3 cur/max conns, infos 0/0 sent/received, bytes 0B/0B sent/received)
E201101 09:46:13.136965 531 kv/kvserver/queue.go:1205  [n1,replicate] 32 replicas failing with "0 of 1 live stores are able to take a new replica for the range (1 already has a replica); likely not enough nodes in cluster"
I201101 09:46:13.476124 334 server/status/runtime.go:498  [n1] runtime stats: 184 MiB RSS, 248 goroutines, 76 MiB/42 MiB/141 MiB GO alloc/idle/total, 26 MiB/35 MiB CGO alloc/total, 276.9 CGO/sec, 0.0/0.3 %(u/s)time, 0.0 %gc (0x), 4.2 KiB/3.1 KiB (r/w)net
I201101 09:46:23.482120 334 server/status/runtime.go:498  [n1] runtime stats: 184 MiB RSS, 248 goroutines, 83 MiB/35 MiB/141 MiB GO alloc/idle/total, 26 MiB/35 MiB CGO alloc/total, 326.8 CGO/sec, 0.3/0.3 %(u/s)time, 0.0 %gc (0x), 30 KiB/4.4 KiB (r/w)net
I201101 09:46:33.120170 328 kv/kvserver/store.go:2474  [n1,s1] sstables (read amplification = 2):
0 [ 212K 1 ]: 212K
6 [   1M 1 ]: 1M
I201101 09:46:33.120355 328 kv/kvserver/store.go:2475  [n1,s1] 
** Compaction Stats [default] **
Level    Files   Size     Score Read(GB)  Rn(GB) Rnp1(GB) Write(GB) Wnew(GB) Moved(GB) W-Amp Rd(MB/s) Wr(MB/s) Comp(sec) CompMergeCPU(sec) Comp(cnt) Avg(sec) KeyIn KeyDrop
----------------------------------------------------------------------------------------------------------------------------------------------------------------------------
  L0      1/0   211.79 KB   0.5      0.0     0.0      0.0       0.0      0.0       0.0   1.0      0.0      0.8      0.26              0.00         1    0.256       0      0
  L6      1/0    1.50 MB   0.0      0.0     0.0      0.0       0.0      0.0       0.0   0.0      0.0      0.0      0.00              0.00         0    0.000       0      0
 Sum      2/0    1.70 MB   0.0      0.0     0.0      0.0       0.0      0.0       0.0   1.0      0.0      0.8      0.26              0.00         1    0.256       0      0
 Int      0/0    0.00 KB   0.0      0.0     0.0      0.0       0.0      0.0       0.0   0.0      0.0      0.0      0.00              0.00         0    0.000       0      0

** Compaction Stats [default] **
Priority    Files   Size     Score Read(GB)  Rn(GB) Rnp1(GB) Write(GB) Wnew(GB) Moved(GB) W-Amp Rd(MB/s) Wr(MB/s) Comp(sec) CompMergeCPU(sec) Comp(cnt) Avg(sec) KeyIn KeyDrop
-------------------------------------------------------------------------------------------------------------------------------------------------------------------------------
User      0/0    0.00 KB   0.0      0.0     0.0      0.0       0.0      0.0       0.0   0.0      0.0      0.8      0.26              0.00         1    0.256       0      0
Uptime(secs): 620.5 total, 600.0 interval
Flush(GB): cumulative 0.000, interval 0.000
AddFile(GB): cumulative 0.000, interval 0.000
AddFile(Total Files): cumulative 0, interval 0
AddFile(L0 Files): cumulative 0, interval 0
AddFile(Keys): cumulative 0, interval 0
Cumulative compaction: 0.00 GB write, 0.00 MB/s write, 0.00 GB read, 0.00 MB/s read, 0.3 seconds
Interval compaction: 0.00 GB write, 0.00 MB/s write, 0.00 GB read, 0.00 MB/s read, 0.0 seconds
Stalls(count): 0 level0_slowdown, 0 level0_slowdown_with_compaction, 0 level0_numfiles, 0 level0_numfiles_with_compaction, 0 stop for pending_compaction_bytes, 0 slowdown for pending_compaction_bytes, 0 memtable_compaction, 0 memtable_slowdown, interval 0 total count
estimated_pending_compaction_bytes: 0 B
I201101 09:46:33.473263 334 server/status/runtime.go:498  [n1] runtime stats: 184 MiB RSS, 248 goroutines, 91 MiB/28 MiB/141 MiB GO alloc/idle/total, 26 MiB/35 MiB CGO alloc/total, 201.2 CGO/sec, 0.2/0.3 %(u/s)time, 0.0 %gc (0x), 10 KiB/5.2 KiB (r/w)net
I201101 09:46:43.480067 334 server/status/runtime.go:498  [n1] runtime stats: 184 MiB RSS, 249 goroutines, 98 MiB/21 MiB/141 MiB GO alloc/idle/total, 26 MiB/34 MiB CGO alloc/total, 245.9 CGO/sec, 0.3/0.0 %(u/s)time, 0.0 %gc (0x), 9.3 KiB/12 KiB (r/w)net
I201101 09:46:53.478267 334 server/status/runtime.go:498  [n1] runtime stats: 185 MiB RSS, 249 goroutines, 106 MiB/14 MiB/141 MiB GO alloc/idle/total, 26 MiB/35 MiB CGO alloc/total, 381.3 CGO/sec, 0.2/0.3 %(u/s)time, 0.0 %gc (0x), 41 KiB/25 KiB (r/w)net
I201101 09:47:03.479787 334 server/status/runtime.go:498  [n1] runtime stats: 185 MiB RSS, 249 goroutines, 62 MiB/54 MiB/141 MiB GO alloc/idle/total, 26 MiB/35 MiB CGO alloc/total, 201.0 CGO/sec, 0.1/0.1 %(u/s)time, 0.0 %gc (1x), 6.3 KiB/7.8 KiB (r/w)net
I201101 09:47:13.119221 329 gossip/gossip.go:567  [n1] gossip status (ok, 1 node)
gossip client (0/3 cur/max conns)
gossip server (0/3 cur/max conns, infos 0/0 sent/received, bytes 0B/0B sent/received)
I201101 09:47:13.480454 334 server/status/runtime.go:498  [n1] runtime stats: 185 MiB RSS, 248 goroutines, 69 MiB/47 MiB/141 MiB GO alloc/idle/total, 26 MiB/35 MiB CGO alloc/total, 243.1 CGO/sec, 0.0/0.5 %(u/s)time, 0.0 %gc (0x), 7.6 KiB/5.7 KiB (r/w)net
I201101 09:47:23.480273 334 server/status/runtime.go:498  [n1] runtime stats: 185 MiB RSS, 248 goroutines, 76 MiB/41 MiB/141 MiB GO alloc/idle/total, 34 MiB/43 MiB CGO alloc/total, 301.3 CGO/sec, 0.0/0.2 %(u/s)time, 0.0 %gc (0x), 3.0 KiB/1.7 KiB (r/w)net
I201101 09:47:33.481004 334 server/status/runtime.go:498  [n1] runtime stats: 186 MiB RSS, 248 goroutines, 83 MiB/35 MiB/141 MiB GO alloc/idle/total, 34 MiB/43 MiB CGO alloc/total, 230.3 CGO/sec, 0.0/0.3 %(u/s)time, 0.0 %gc (0x), 2.0 KiB/1.8 KiB (r/w)net
I201101 09:47:43.471652 334 server/status/runtime.go:498  [n1] runtime stats: 186 MiB RSS, 249 goroutines, 91 MiB/28 MiB/141 MiB GO alloc/idle/total, 34 MiB/43 MiB CGO alloc/total, 215.3 CGO/sec, 0.5/0.3 %(u/s)time, 0.0 %gc (0x), 8.4 KiB/12 KiB (r/w)net
I201101 09:47:53.470955 334 server/status/runtime.go:498  [n1] runtime stats: 186 MiB RSS, 249 goroutines, 97 MiB/22 MiB/141 MiB GO alloc/idle/total, 34 MiB/43 MiB CGO alloc/total, 222.0 CGO/sec, 0.2/0.2 %(u/s)time, 0.0 %gc (0x), 8.6 KiB/10 KiB (r/w)net
I201101 09:48:03.475881 334 server/status/runtime.go:498  [n1] runtime stats: 186 MiB RSS, 249 goroutines, 105 MiB/15 MiB/141 MiB GO alloc/idle/total, 34 MiB/43 MiB CGO alloc/total, 202.7 CGO/sec, 0.0/0.3 %(u/s)time, 0.0 %gc (0x), 3.5 KiB/3.9 KiB (r/w)net
I201101 09:48:13.114728 329 gossip/gossip.go:567  [n1] gossip status (ok, 1 node)
gossip client (0/3 cur/max conns)
gossip server (0/3 cur/max conns, infos 0/0 sent/received, bytes 0B/0B sent/received)
I201101 09:48:13.486725 334 server/status/runtime.go:498  [n1] runtime stats: 187 MiB RSS, 248 goroutines, 59 MiB/56 MiB/141 MiB GO alloc/idle/total, 34 MiB/43 MiB CGO alloc/total, 256.3 CGO/sec, 0.3/0.5 %(u/s)time, 0.0 %gc (1x), 17 KiB/14 KiB (r/w)net
W201101 09:48:26.188924 334 server/status/runtime.go:430  [n1] problem fetching disk stats: context deadline exceeded; disk stats will be empty.
I201101 09:48:26.192082 334 server/status/runtime.go:498  [n1] runtime stats: 187 MiB RSS, 248 goroutines, 70 MiB/47 MiB/141 MiB GO alloc/idle/total(stale), 34 MiB/43 MiB CGO alloc/total, 257.9 CGO/sec, 0.1/0.0 %(u/s)time, 0.0 %gc (0x), 18 KiB/11 KiB (r/w)net
I201101 09:48:33.476804 334 server/status/runtime.go:498  [n1] runtime stats: 187 MiB RSS, 248 goroutines, 79 MiB/39 MiB/141 MiB GO alloc/idle/total, 34 MiB/43 MiB CGO alloc/total, 346.5 CGO/sec, 0.6/0.0 %(u/s)time, 0.0 %gc (0x), 2.8 KiB/1.6 KiB (r/w)net
I201101 09:48:43.474268 334 server/status/runtime.go:498  [n1] runtime stats: 187 MiB RSS, 249 goroutines, 86 MiB/32 MiB/141 MiB GO alloc/idle/total, 34 MiB/43 MiB CGO alloc/total, 239.1 CGO/sec, 0.2/0.3 %(u/s)time, 0.0 %gc (0x), 3.7 KiB/4.9 KiB (r/w)net
I201101 09:48:53.475221 334 server/status/runtime.go:498  [n1] runtime stats: 188 MiB RSS, 249 goroutines, 94 MiB/25 MiB/141 MiB GO alloc/idle/total, 34 MiB/43 MiB CGO alloc/total, 209.5 CGO/sec, 0.3/0.0 %(u/s)time, 0.0 %gc (0x), 3.8 KiB/4.5 KiB (r/w)net
I201101 09:49:03.489606 334 server/status/runtime.go:498  [n1] runtime stats: 188 MiB RSS, 249 goroutines, 101 MiB/18 MiB/141 MiB GO alloc/idle/total, 34 MiB/43 MiB CGO alloc/total, 219.3 CGO/sec, 0.6/0.2 %(u/s)time, 0.0 %gc (0x), 1.3 KiB/1.8 KiB (r/w)net
I201101 09:49:13.120435 329 gossip/gossip.go:567  [n1] gossip status (ok, 1 node)
gossip client (0/3 cur/max conns)
gossip server (0/3 cur/max conns, infos 0/0 sent/received, bytes 0B/0B sent/received)
I201101 09:49:13.478778 334 server/status/runtime.go:498  [n1] runtime stats: 188 MiB RSS, 248 goroutines, 58 MiB/57 MiB/141 MiB GO alloc/idle/total, 34 MiB/43 MiB CGO alloc/total, 230.8 CGO/sec, 0.2/0.5 %(u/s)time, 0.0 %gc (1x), 2.9 KiB/3.1 KiB (r/w)net
I201101 09:49:23.486797 334 server/status/runtime.go:498  [n1] runtime stats: 188 MiB RSS, 248 goroutines, 68 MiB/49 MiB/141 MiB GO alloc/idle/total, 34 MiB/43 MiB CGO alloc/total, 322.2 CGO/sec, 0.8/0.2 %(u/s)time, 0.0 %gc (0x), 1.9 KiB/1.5 KiB (r/w)net
I201101 09:49:33.487762 334 server/status/runtime.go:498  [n1] runtime stats: 189 MiB RSS, 248 goroutines, 75 MiB/42 MiB/141 MiB GO alloc/idle/total, 34 MiB/43 MiB CGO alloc/total, 205.4 CGO/sec, 0.1/0.1 %(u/s)time, 0.0 %gc (0x), 29 KiB/19 KiB (r/w)net
I201101 09:49:43.477685 334 server/status/runtime.go:498  [n1] runtime stats: 189 MiB RSS, 250 goroutines, 82 MiB/36 MiB/141 MiB GO alloc/idle/total, 34 MiB/43 MiB CGO alloc/total, 231.5 CGO/sec, 0.3/0.3 %(u/s)time, 0.0 %gc (0x), 435 KiB/64 KiB (r/w)net
I201101 09:49:53.480643 334 server/status/runtime.go:498  [n1] runtime stats: 189 MiB RSS, 250 goroutines, 89 MiB/30 MiB/141 MiB GO alloc/idle/total, 34 MiB/43 MiB CGO alloc/total, 220.4 CGO/sec, 0.0/0.5 %(u/s)time, 0.0 %gc (0x), 1.8 KiB/2.6 KiB (r/w)net
I201101 09:50:03.489952 334 server/status/runtime.go:498  [n1] runtime stats: 189 MiB RSS, 250 goroutines, 96 MiB/23 MiB/141 MiB GO alloc/idle/total, 34 MiB/43 MiB CGO alloc/total, 204.5 CGO/sec, 0.1/0.5 %(u/s)time, 0.0 %gc (0x), 1.1 KiB/1.5 KiB (r/w)net
I201101 09:50:13.115015 329 gossip/gossip.go:567  [n1] gossip status (ok, 1 node)
gossip client (0/3 cur/max conns)
gossip server (0/3 cur/max conns, infos 0/0 sent/received, bytes 0B/0B sent/received)
I201101 09:50:13.492735 334 server/status/runtime.go:498  [n1] runtime stats: 190 MiB RSS, 249 goroutines, 104 MiB/16 MiB/141 MiB GO alloc/idle/total, 34 MiB/43 MiB CGO alloc/total, 258.9 CGO/sec, 0.3/0.2 %(u/s)time, 0.0 %gc (0x), 15 KiB/12 KiB (r/w)net
I201101 09:50:23.483493 334 server/status/runtime.go:498  [n1] runtime stats: 190 MiB RSS, 249 goroutines, 61 MiB/54 MiB/141 MiB GO alloc/idle/total, 34 MiB/43 MiB CGO alloc/total, 311.6 CGO/sec, 0.5/0.2 %(u/s)time, 0.0 %gc (1x), 2.6 KiB/2.0 KiB (r/w)net
I201101 09:50:33.491575 334 server/status/runtime.go:498  [n1] runtime stats: 190 MiB RSS, 249 goroutines, 68 MiB/48 MiB/141 MiB GO alloc/idle/total, 34 MiB/43 MiB CGO alloc/total, 222.0 CGO/sec, 0.2/0.2 %(u/s)time, 0.0 %gc (0x), 3.6 KiB/2.4 KiB (r/w)net
I201101 09:50:43.490254 334 server/status/runtime.go:498  [n1] runtime stats: 190 MiB RSS, 250 goroutines, 75 MiB/42 MiB/141 MiB GO alloc/idle/total, 34 MiB/43 MiB CGO alloc/total, 233.1 CGO/sec, 0.3/0.5 %(u/s)time, 0.0 %gc (0x), 5.2 KiB/6.2 KiB (r/w)net
I201101 09:50:53.489884 334 server/status/runtime.go:498  [n1] runtime stats: 191 MiB RSS, 250 goroutines, 81 MiB/36 MiB/141 MiB GO alloc/idle/total, 34 MiB/43 MiB CGO alloc/total, 201.9 CGO/sec, 0.2/0.3 %(u/s)time, 0.0 %gc (0x), 6.6 KiB/8.6 KiB (r/w)net
I201101 09:51:03.490504 334 server/status/runtime.go:498  [n1] runtime stats: 191 MiB RSS, 250 goroutines, 88 MiB/30 MiB/141 MiB GO alloc/idle/total, 34 MiB/43 MiB CGO alloc/total, 258.6 CGO/sec, 0.3/0.2 %(u/s)time, 0.0 %gc (0x), 27 KiB/13 KiB (r/w)net
I201101 09:51:13.118939 329 gossip/gossip.go:567  [n1] gossip status (ok, 1 node)
gossip client (0/3 cur/max conns)
gossip server (0/3 cur/max conns, infos 0/0 sent/received, bytes 0B/0B sent/received)
I201101 09:51:13.486974 334 server/status/runtime.go:498  [n1] runtime stats: 191 MiB RSS, 249 goroutines, 96 MiB/24 MiB/141 MiB GO alloc/idle/total, 34 MiB/43 MiB CGO alloc/total, 266.6 CGO/sec, 0.0/0.5 %(u/s)time, 0.0 %gc (0x), 9.5 KiB/10 KiB (r/w)net
I201101 09:51:23.486678 334 server/status/runtime.go:498  [n1] runtime stats: 192 MiB RSS, 249 goroutines, 103 MiB/17 MiB/141 MiB GO alloc/idle/total, 34 MiB/43 MiB CGO alloc/total, 313.5 CGO/sec, 0.2/0.0 %(u/s)time, 0.0 %gc (0x), 564 KiB/183 KiB (r/w)net
I201101 09:51:33.491356 334 server/status/runtime.go:498  [n1] runtime stats: 192 MiB RSS, 249 goroutines, 57 MiB/57 MiB/141 MiB GO alloc/idle/total, 34 MiB/43 MiB CGO alloc/total, 213.2 CGO/sec, 3.0/0.3 %(u/s)time, 0.0 %gc (1x), 8.0 KiB/16 KiB (r/w)net
I201101 09:51:43.502981 334 server/status/runtime.go:498  [n1] runtime stats: 192 MiB RSS, 249 goroutines, 64 MiB/51 MiB/141 MiB GO alloc/idle/total, 34 MiB/43 MiB CGO alloc/total, 230.5 CGO/sec, 0.1/0.5 %(u/s)time, 0.0 %gc (0x), 6.3 KiB/5.8 KiB (r/w)net
I201101 09:51:53.499956 334 server/status/runtime.go:498  [n1] runtime stats: 192 MiB RSS, 249 goroutines, 71 MiB/46 MiB/141 MiB GO alloc/idle/total, 34 MiB/43 MiB CGO alloc/total, 199.9 CGO/sec, 0.2/0.2 %(u/s)time, 0.0 %gc (0x), 47 KiB/19 KiB (r/w)net
I201101 09:52:03.506343 334 server/status/runtime.go:498  [n1] runtime stats: 192 MiB RSS, 249 goroutines, 78 MiB/39 MiB/141 MiB GO alloc/idle/total, 34 MiB/43 MiB CGO alloc/total, 229.1 CGO/sec, 0.2/0.3 %(u/s)time, 0.0 %gc (0x), 11 KiB/16 KiB (r/w)net
I201101 09:52:13.115027 329 gossip/gossip.go:567  [n1] gossip status (ok, 1 node)
gossip client (0/3 cur/max conns)
gossip server (0/3 cur/max conns, infos 0/0 sent/received, bytes 0B/0B sent/received)
I201101 09:52:13.510648 334 server/status/runtime.go:498  [n1] runtime stats: 193 MiB RSS, 248 goroutines, 85 MiB/33 MiB/141 MiB GO alloc/idle/total, 34 MiB/43 MiB CGO alloc/total, 247.7 CGO/sec, 0.0/0.3 %(u/s)time, 0.0 %gc (0x), 4.7 KiB/4.6 KiB (r/w)net
I201101 09:52:23.512080 334 server/status/runtime.go:498  [n1] runtime stats: 193 MiB RSS, 248 goroutines, 93 MiB/27 MiB/141 MiB GO alloc/idle/total, 34 MiB/43 MiB CGO alloc/total, 326.0 CGO/sec, 0.6/0.5 %(u/s)time, 0.0 %gc (0x), 10 KiB/10 KiB (r/w)net
I201101 09:52:33.510837 334 server/status/runtime.go:498  [n1] runtime stats: 193 MiB RSS, 248 goroutines, 100 MiB/20 MiB/141 MiB GO alloc/idle/total, 34 MiB/43 MiB CGO alloc/total, 205.2 CGO/sec, 0.5/0.5 %(u/s)time, 0.0 %gc (0x), 42 KiB/25 KiB (r/w)net
I201101 09:52:43.509457 334 server/status/runtime.go:498  [n1] runtime stats: 193 MiB RSS, 249 goroutines, 107 MiB/14 MiB/141 MiB GO alloc/idle/total, 34 MiB/43 MiB CGO alloc/total, 234.1 CGO/sec, 0.0/0.0 %(u/s)time, 0.0 %gc (0x), 9.0 KiB/10 KiB (r/w)net
I201101 09:52:53.518744 334 server/status/runtime.go:498  [n1] runtime stats: 194 MiB RSS, 249 goroutines, 59 MiB/57 MiB/141 MiB GO alloc/idle/total, 34 MiB/43 MiB CGO alloc/total, 221.6 CGO/sec, 0.2/0.3 %(u/s)time, 0.0 %gc (1x), 3.4 KiB/2.8 KiB (r/w)net
I201101 09:53:03.507746 334 server/status/runtime.go:498  [n1] runtime stats: 194 MiB RSS, 249 goroutines, 65 MiB/51 MiB/141 MiB GO alloc/idle/total, 42 MiB/51 MiB CGO alloc/total, 192.8 CGO/sec, 0.3/0.2 %(u/s)time, 0.0 %gc (0x), 3.5 KiB/5.0 KiB (r/w)net
I201101 09:53:13.121110 329 gossip/gossip.go:567  [n1] gossip status (ok, 1 node)
gossip client (0/3 cur/max conns)
gossip server (0/3 cur/max conns, infos 0/0 sent/received, bytes 0B/0B sent/received)
I201101 09:53:13.524486 334 server/status/runtime.go:498  [n1] runtime stats: 194 MiB RSS, 248 goroutines, 74 MiB/43 MiB/141 MiB GO alloc/idle/total, 42 MiB/51 MiB CGO alloc/total, 250.4 CGO/sec, 0.1/0.5 %(u/s)time, 0.0 %gc (0x), 20 KiB/24 KiB (r/w)net
I201101 09:53:23.511328 334 server/status/runtime.go:498  [n1] runtime stats: 195 MiB RSS, 248 goroutines, 82 MiB/37 MiB/141 MiB GO alloc/idle/total, 42 MiB/51 MiB CGO alloc/total, 328.6 CGO/sec, 0.0/0.0 %(u/s)time, 0.0 %gc (0x), 9.3 KiB/9.1 KiB (r/w)net
I201101 09:53:33.516780 334 server/status/runtime.go:498  [n1] runtime stats: 195 MiB RSS, 248 goroutines, 89 MiB/30 MiB/141 MiB GO alloc/idle/total, 42 MiB/51 MiB CGO alloc/total, 271.1 CGO/sec, 0.0/0.2 %(u/s)time, 0.0 %gc (0x), 14 KiB/10 KiB (r/w)net
I201101 09:53:43.512979 334 server/status/runtime.go:498  [n1] runtime stats: 195 MiB RSS, 249 goroutines, 96 MiB/24 MiB/141 MiB GO alloc/idle/total, 42 MiB/51 MiB CGO alloc/total, 223.3 CGO/sec, 0.3/0.2 %(u/s)time, 0.0 %gc (0x), 10 KiB/8.5 KiB (r/w)net
I201101 09:53:53.515145 334 server/status/runtime.go:498  [n1] runtime stats: 196 MiB RSS, 249 goroutines, 102 MiB/18 MiB/141 MiB GO alloc/idle/total, 42 MiB/51 MiB CGO alloc/total, 213.9 CGO/sec, 0.3/0.0 %(u/s)time, 0.0 %gc (0x), 7.0 KiB/4.1 KiB (r/w)net
I201101 09:54:03.508165 334 server/status/runtime.go:498  [n1] runtime stats: 196 MiB RSS, 249 goroutines, 58 MiB/57 MiB/141 MiB GO alloc/idle/total, 42 MiB/51 MiB CGO alloc/total, 201.3 CGO/sec, 0.2/0.0 %(u/s)time, 0.0 %gc (1x), 8.8 KiB/6.5 KiB (r/w)net
I201101 09:54:13.115139 329 gossip/gossip.go:567  [n1] gossip status (ok, 1 node)
gossip client (0/3 cur/max conns)
gossip server (0/3 cur/max conns, infos 0/0 sent/received, bytes 0B/0B sent/received)
I201101 09:54:13.506462 334 server/status/runtime.go:498  [n1] runtime stats: 196 MiB RSS, 248 goroutines, 65 MiB/51 MiB/141 MiB GO alloc/idle/total, 42 MiB/51 MiB CGO alloc/total, 268.3 CGO/sec, 0.2/0.3 %(u/s)time, 0.0 %gc (0x), 8.2 KiB/7.3 KiB (r/w)net
I201101 09:54:23.517133 334 server/status/runtime.go:498  [n1] runtime stats: 196 MiB RSS, 248 goroutines, 73 MiB/45 MiB/141 MiB GO alloc/idle/total, 42 MiB/51 MiB CGO alloc/total, 304.4 CGO/sec, 0.2/0.6 %(u/s)time, 0.0 %gc (0x), 8.1 KiB/4.6 KiB (r/w)net
I201101 09:54:33.520738 334 server/status/runtime.go:498  [n1] runtime stats: 197 MiB RSS, 248 goroutines, 80 MiB/39 MiB/141 MiB GO alloc/idle/total, 42 MiB/51 MiB CGO alloc/total, 217.4 CGO/sec, 0.1/0.2 %(u/s)time, 0.0 %gc (0x), 3.3 KiB/2.3 KiB (r/w)net
I201101 09:54:43.522690 334 server/status/runtime.go:498  [n1] runtime stats: 197 MiB RSS, 249 goroutines, 87 MiB/32 MiB/141 MiB GO alloc/idle/total, 42 MiB/51 MiB CGO alloc/total, 219.2 CGO/sec, 0.3/0.2 %(u/s)time, 0.0 %gc (0x), 8.6 KiB/11 KiB (r/w)net
I201101 09:54:53.524034 334 server/status/runtime.go:498  [n1] runtime stats: 197 MiB RSS, 249 goroutines, 94 MiB/26 MiB/141 MiB GO alloc/idle/total, 42 MiB/51 MiB CGO alloc/total, 223.5 CGO/sec, 0.9/0.0 %(u/s)time, 0.0 %gc (0x), 16 KiB/1.0 KiB (r/w)net
I201101 09:55:03.520202 334 server/status/runtime.go:498  [n1] runtime stats: 197 MiB RSS, 253 goroutines, 104 MiB/18 MiB/141 MiB GO alloc/idle/total, 42 MiB/52 MiB CGO alloc/total, 464.3 CGO/sec, 0.5/0.2 %(u/s)time, 0.0 %gc (0x), 17 KiB/16 KiB (r/w)net
I201101 09:55:13.120186 329 gossip/gossip.go:567  [n1] gossip status (ok, 1 node)
gossip client (0/3 cur/max conns)
gossip server (0/3 cur/max conns, infos 0/0 sent/received, bytes 0B/0B sent/received)
I201101 09:55:13.522051 334 server/status/runtime.go:498  [n1] runtime stats: 198 MiB RSS, 252 goroutines, 61 MiB/55 MiB/141 MiB GO alloc/idle/total, 42 MiB/52 MiB CGO alloc/total, 231.9 CGO/sec, 0.0/0.2 %(u/s)time, 0.0 %gc (1x), 6.6 KiB/9.7 KiB (r/w)net
I201101 09:55:23.533765 334 server/status/runtime.go:498  [n1] runtime stats: 198 MiB RSS, 252 goroutines, 68 MiB/49 MiB/141 MiB GO alloc/idle/total, 42 MiB/52 MiB CGO alloc/total, 319.5 CGO/sec, 0.5/0.2 %(u/s)time, 0.0 %gc (0x), 9.5 KiB/8.4 KiB (r/w)net
I201101 09:55:33.518481 334 server/status/runtime.go:498  [n1] runtime stats: 198 MiB RSS, 252 goroutines, 76 MiB/41 MiB/141 MiB GO alloc/idle/total, 42 MiB/52 MiB CGO alloc/total, 202.7 CGO/sec, 0.2/0.2 %(u/s)time, 0.0 %gc (0x), 9.4 KiB/5.3 KiB (r/w)net
I201101 09:55:43.518772 334 server/status/runtime.go:498  [n1] runtime stats: 198 MiB RSS, 253 goroutines, 85 MiB/34 MiB/141 MiB GO alloc/idle/total, 42 MiB/52 MiB CGO alloc/total, 248.5 CGO/sec, 0.0/0.5 %(u/s)time, 0.0 %gc (0x), 9.8 KiB/11 KiB (r/w)net
I201101 09:55:53.528275 334 server/status/runtime.go:498  [n1] runtime stats: 200 MiB RSS, 254 goroutines, 101 MiB/19 MiB/141 MiB GO alloc/idle/total, 44 MiB/55 MiB CGO alloc/total, 524.0 CGO/sec, 0.9/0.2 %(u/s)time, 0.0 %gc (0x), 4.6 KiB/6.4 KiB (r/w)net
I201101 09:56:03.527190 334 server/status/runtime.go:498  [n1] runtime stats: 201 MiB RSS, 254 goroutines, 64 MiB/52 MiB/141 MiB GO alloc/idle/total, 43 MiB/55 MiB CGO alloc/total, 351.7 CGO/sec, 0.5/0.5 %(u/s)time, 0.0 %gc (1x), 5.9 KiB/10 KiB (r/w)net
I201101 09:56:13.116564 329 gossip/gossip.go:567  [n1] gossip status (ok, 1 node)
gossip client (0/3 cur/max conns)
gossip server (0/3 cur/max conns, infos 0/0 sent/received, bytes 0B/0B sent/received)
E201101 09:56:13.137567 531 kv/kvserver/queue.go:1205  [n1,replicate] 32 replicas failing with "0 of 1 live stores are able to take a new replica for the range (1 already has a replica); likely not enough nodes in cluster"
I201101 09:56:13.526230 334 server/status/runtime.go:498  [n1] runtime stats: 202 MiB RSS, 253 goroutines, 73 MiB/43 MiB/141 MiB GO alloc/idle/total, 43 MiB/55 MiB CGO alloc/total, 309.1 CGO/sec, 0.3/0.0 %(u/s)time, 0.0 %gc (0x), 32 KiB/29 KiB (r/w)net
I201101 09:56:23.524573 334 server/status/runtime.go:498  [n1] runtime stats: 202 MiB RSS, 253 goroutines, 93 MiB/26 MiB/141 MiB GO alloc/idle/total, 43 MiB/55 MiB CGO alloc/total, 346.5 CGO/sec, 0.2/0.3 %(u/s)time, 0.0 %gc (0x), 7.8 KiB/9.1 KiB (r/w)net
I201101 09:56:33.119178 328 kv/kvserver/store.go:2474  [n1,s1] sstables (read amplification = 2):
0 [ 212K 1 ]: 212K
6 [   1M 1 ]: 1M
I201101 09:56:33.119320 328 kv/kvserver/store.go:2475  [n1,s1] 
** Compaction Stats [default] **
Level    Files   Size     Score Read(GB)  Rn(GB) Rnp1(GB) Write(GB) Wnew(GB) Moved(GB) W-Amp Rd(MB/s) Wr(MB/s) Comp(sec) CompMergeCPU(sec) Comp(cnt) Avg(sec) KeyIn KeyDrop
----------------------------------------------------------------------------------------------------------------------------------------------------------------------------
  L0      1/0   211.79 KB   0.5      0.0     0.0      0.0       0.0      0.0       0.0   1.0      0.0      0.8      0.26              0.00         1    0.256       0      0
  L6      1/0    1.50 MB   0.0      0.0     0.0      0.0       0.0      0.0       0.0   0.0      0.0      0.0      0.00              0.00         0    0.000       0      0
 Sum      2/0    1.70 MB   0.0      0.0     0.0      0.0       0.0      0.0       0.0   1.0      0.0      0.8      0.26              0.00         1    0.256       0      0
 Int      0/0    0.00 KB   0.0      0.0     0.0      0.0       0.0      0.0       0.0   0.0      0.0      0.0      0.00              0.00         0    0.000       0      0

** Compaction Stats [default] **
Priority    Files   Size     Score Read(GB)  Rn(GB) Rnp1(GB) Write(GB) Wnew(GB) Moved(GB) W-Amp Rd(MB/s) Wr(MB/s) Comp(sec) CompMergeCPU(sec) Comp(cnt) Avg(sec) KeyIn KeyDrop
-------------------------------------------------------------------------------------------------------------------------------------------------------------------------------
User      0/0    0.00 KB   0.0      0.0     0.0      0.0       0.0      0.0       0.0   0.0      0.0      0.8      0.26              0.00         1    0.256       0      0
Uptime(secs): 1220.5 total, 600.0 interval
Flush(GB): cumulative 0.000, interval 0.000
AddFile(GB): cumulative 0.000, interval 0.000
AddFile(Total Files): cumulative 0, interval 0
AddFile(L0 Files): cumulative 0, interval 0
AddFile(Keys): cumulative 0, interval 0
Cumulative compaction: 0.00 GB write, 0.00 MB/s write, 0.00 GB read, 0.00 MB/s read, 0.3 seconds
Interval compaction: 0.00 GB write, 0.00 MB/s write, 0.00 GB read, 0.00 MB/s read, 0.0 seconds
Stalls(count): 0 level0_slowdown, 0 level0_slowdown_with_compaction, 0 level0_numfiles, 0 level0_numfiles_with_compaction, 0 stop for pending_compaction_bytes, 0 slowdown for pending_compaction_bytes, 0 memtable_compaction, 0 memtable_slowdown, interval 0 total count
estimated_pending_compaction_bytes: 0 B
I201101 09:56:33.523185 334 server/status/runtime.go:498  [n1] runtime stats: 202 MiB RSS, 253 goroutines, 101 MiB/18 MiB/141 MiB GO alloc/idle/total, 43 MiB/56 MiB CGO alloc/total, 219.3 CGO/sec, 0.5/0.2 %(u/s)time, 0.0 %gc (0x), 3.6 KiB/2.1 KiB (r/w)net
I201101 09:56:43.525329 334 server/status/runtime.go:498  [n1] runtime stats: 202 MiB RSS, 254 goroutines, 108 MiB/12 MiB/141 MiB GO alloc/idle/total, 43 MiB/56 MiB CGO alloc/total, 213.1 CGO/sec, 0.2/0.2 %(u/s)time, 0.0 %gc (0x), 6.5 KiB/7.2 KiB (r/w)net
I201101 09:56:53.519016 334 server/status/runtime.go:498  [n1] runtime stats: 203 MiB RSS, 253 goroutines, 63 MiB/52 MiB/141 MiB GO alloc/idle/total, 43 MiB/56 MiB CGO alloc/total, 226.9 CGO/sec, 0.5/0.2 %(u/s)time, 0.0 %gc (1x), 23 KiB/7.7 KiB (r/w)net
I201101 09:57:03.520199 334 server/status/runtime.go:498  [n1] runtime stats: 203 MiB RSS, 254 goroutines, 80 MiB/38 MiB/141 MiB GO alloc/idle/total, 42 MiB/56 MiB CGO alloc/total, 481.6 CGO/sec, 1.2/0.3 %(u/s)time, 0.0 %gc (0x), 8.9 KiB/7.1 KiB (r/w)net
I201101 09:57:13.120988 329 gossip/gossip.go:567  [n1] gossip status (ok, 1 node)
gossip client (0/3 cur/max conns)
gossip server (0/3 cur/max conns, infos 0/0 sent/received, bytes 0B/0B sent/received)
I201101 09:57:13.522401 334 server/status/runtime.go:498  [n1] runtime stats: 204 MiB RSS, 253 goroutines, 87 MiB/32 MiB/141 MiB GO alloc/idle/total, 42 MiB/56 MiB CGO alloc/total, 246.7 CGO/sec, 0.1/0.3 %(u/s)time, 0.0 %gc (0x), 27 KiB/20 KiB (r/w)net
I201101 09:57:23.517470 334 server/status/runtime.go:498  [n1] runtime stats: 204 MiB RSS, 253 goroutines, 94 MiB/25 MiB/141 MiB GO alloc/idle/total, 42 MiB/56 MiB CGO alloc/total, 322.1 CGO/sec, 0.5/0.5 %(u/s)time, 0.0 %gc (0x), 3.7 KiB/2.3 KiB (r/w)net
I201101 09:57:33.536174 334 server/status/runtime.go:498  [n1] runtime stats: 204 MiB RSS, 253 goroutines, 101 MiB/19 MiB/141 MiB GO alloc/idle/total, 42 MiB/56 MiB CGO alloc/total, 201.5 CGO/sec, 0.2/0.2 %(u/s)time, 0.0 %gc (0x), 2.8 KiB/2.7 KiB (r/w)net
I201101 09:57:43.528656 334 server/status/runtime.go:498  [n1] runtime stats: 204 MiB RSS, 254 goroutines, 57 MiB/57 MiB/141 MiB GO alloc/idle/total, 42 MiB/56 MiB CGO alloc/total, 224.6 CGO/sec, 0.3/0.2 %(u/s)time, 0.0 %gc (1x), 13 KiB/8.3 KiB (r/w)net
I201101 09:57:53.543257 334 server/status/runtime.go:498  [n1] runtime stats: 205 MiB RSS, 254 goroutines, 65 MiB/51 MiB/141 MiB GO alloc/idle/total, 42 MiB/56 MiB CGO alloc/total, 217.9 CGO/sec, 0.3/0.0 %(u/s)time, 0.0 %gc (0x), 31 KiB/1.9 KiB (r/w)net
I201101 09:58:03.535142 334 server/status/runtime.go:498  [n1] runtime stats: 205 MiB RSS, 253 goroutines, 73 MiB/43 MiB/141 MiB GO alloc/idle/total, 42 MiB/56 MiB CGO alloc/total, 223.8 CGO/sec, 0.2/0.3 %(u/s)time, 0.0 %gc (0x), 16 KiB/16 KiB (r/w)net
I201101 09:58:13.114774 329 gossip/gossip.go:567  [n1] gossip status (ok, 1 node)
gossip client (0/3 cur/max conns)
gossip server (0/3 cur/max conns, infos 0/0 sent/received, bytes 0B/0B sent/received)
I201101 09:58:13.542682 334 server/status/runtime.go:498  [n1] runtime stats: 205 MiB RSS, 252 goroutines, 80 MiB/37 MiB/141 MiB GO alloc/idle/total, 42 MiB/56 MiB CGO alloc/total, 252.2 CGO/sec, 0.5/0.6 %(u/s)time, 0.0 %gc (0x), 4.1 KiB/4.2 KiB (r/w)net
I201101 09:58:23.536128 334 server/status/runtime.go:498  [n1] runtime stats: 206 MiB RSS, 252 goroutines, 88 MiB/30 MiB/141 MiB GO alloc/idle/total, 42 MiB/56 MiB CGO alloc/total, 318.1 CGO/sec, 0.2/0.2 %(u/s)time, 0.0 %gc (0x), 2.8 KiB/1.5 KiB (r/w)net
I201101 09:58:33.546510 334 server/status/runtime.go:498  [n1] runtime stats: 206 MiB RSS, 252 goroutines, 95 MiB/24 MiB/141 MiB GO alloc/idle/total, 42 MiB/56 MiB CGO alloc/total, 266.4 CGO/sec, 0.2/0.5 %(u/s)time, 0.0 %gc (0x), 10 KiB/3.0 KiB (r/w)net
I201101 09:58:43.540790 334 server/status/runtime.go:498  [n1] runtime stats: 206 MiB RSS, 253 goroutines, 102 MiB/18 MiB/141 MiB GO alloc/idle/total, 42 MiB/56 MiB CGO alloc/total, 242.4 CGO/sec, 0.2/0.2 %(u/s)time, 0.0 %gc (0x), 4.9 KiB/7.0 KiB (r/w)net
I201101 09:58:53.545882 334 server/status/runtime.go:498  [n1] runtime stats: 206 MiB RSS, 253 goroutines, 109 MiB/12 MiB/141 MiB GO alloc/idle/total, 50 MiB/64 MiB CGO alloc/total, 216.1 CGO/sec, 0.5/0.3 %(u/s)time, 0.0 %gc (0x), 2.1 KiB/1.7 KiB (r/w)net
I201101 09:59:03.531781 334 server/status/runtime.go:498  [n1] runtime stats: 207 MiB RSS, 253 goroutines, 62 MiB/54 MiB/141 MiB GO alloc/idle/total, 50 MiB/64 MiB CGO alloc/total, 218.8 CGO/sec, 0.2/0.3 %(u/s)time, 0.0 %gc (1x), 1.7 KiB/1.9 KiB (r/w)net
I201101 09:59:13.119408 329 gossip/gossip.go:567  [n1] gossip status (ok, 1 node)
gossip client (0/3 cur/max conns)
gossip server (0/3 cur/max conns, infos 0/0 sent/received, bytes 0B/0B sent/received)
I201101 09:59:13.536853 334 server/status/runtime.go:498  [n1] runtime stats: 207 MiB RSS, 252 goroutines, 70 MiB/47 MiB/141 MiB GO alloc/idle/total, 50 MiB/64 MiB CGO alloc/total, 240.0 CGO/sec, 0.2/0.0 %(u/s)time, 0.0 %gc (0x), 4.5 KiB/4.8 KiB (r/w)net
I201101 09:59:23.542925 334 server/status/runtime.go:498  [n1] runtime stats: 207 MiB RSS, 252 goroutines, 77 MiB/40 MiB/141 MiB GO alloc/idle/total, 50 MiB/64 MiB CGO alloc/total, 305.9 CGO/sec, 0.1/0.5 %(u/s)time, 0.0 %gc (0x), 1.1 KiB/1.4 KiB (r/w)net
I201101 09:59:33.547502 334 server/status/runtime.go:498  [n1] runtime stats: 208 MiB RSS, 252 goroutines, 84 MiB/34 MiB/141 MiB GO alloc/idle/total, 50 MiB/64 MiB CGO alloc/total, 231.9 CGO/sec, 0.2/0.3 %(u/s)time, 0.0 %gc (0x), 1.5 KiB/1.5 KiB (r/w)net
I201101 09:59:43.543792 334 server/status/runtime.go:498  [n1] runtime stats: 208 MiB RSS, 253 goroutines, 91 MiB/28 MiB/141 MiB GO alloc/idle/total, 50 MiB/64 MiB CGO alloc/total, 222.4 CGO/sec, 0.2/0.3 %(u/s)time, 0.0 %gc (0x), 3.7 KiB/3.3 KiB (r/w)net
I201101 09:59:53.536435 334 server/status/runtime.go:498  [n1] runtime stats: 208 MiB RSS, 253 goroutines, 98 MiB/22 MiB/141 MiB GO alloc/idle/total, 50 MiB/64 MiB CGO alloc/total, 215.5 CGO/sec, 0.3/0.0 %(u/s)time, 0.0 %gc (0x), 9.0 KiB/3.2 KiB (r/w)net
I201101 10:00:03.538869 334 server/status/runtime.go:498  [n1] runtime stats: 208 MiB RSS, 253 goroutines, 105 MiB/15 MiB/141 MiB GO alloc/idle/total, 50 MiB/64 MiB CGO alloc/total, 208.8 CGO/sec, 0.2/0.3 %(u/s)time, 0.0 %gc (0x), 1.5 KiB/1.8 KiB (r/w)net
I201101 10:00:13.115176 329 gossip/gossip.go:567  [n1] gossip status (ok, 1 node)
gossip client (0/3 cur/max conns)
gossip server (0/3 cur/max conns, infos 0/0 sent/received, bytes 0B/0B sent/received)
I201101 10:00:13.541074 334 server/status/runtime.go:498  [n1] runtime stats: 208 MiB RSS, 252 goroutines, 61 MiB/55 MiB/141 MiB GO alloc/idle/total, 50 MiB/64 MiB CGO alloc/total, 260.7 CGO/sec, 0.6/0.0 %(u/s)time, 0.0 %gc (1x), 7.2 KiB/6.2 KiB (r/w)net
I201101 10:00:23.533628 334 server/status/runtime.go:498  [n1] runtime stats: 209 MiB RSS, 252 goroutines, 68 MiB/48 MiB/141 MiB GO alloc/idle/total, 50 MiB/64 MiB CGO alloc/total, 311.5 CGO/sec, 0.6/0.2 %(u/s)time, 0.0 %gc (0x), 11 KiB/6.6 KiB (r/w)net
I201101 10:00:33.548177 334 server/status/runtime.go:498  [n1] runtime stats: 209 MiB RSS, 252 goroutines, 75 MiB/42 MiB/141 MiB GO alloc/idle/total, 50 MiB/64 MiB CGO alloc/total, 204.3 CGO/sec, 0.0/0.3 %(u/s)time, 0.0 %gc (0x), 3.6 KiB/2.0 KiB (r/w)net
I201101 10:00:43.553390 334 server/status/runtime.go:498  [n1] runtime stats: 209 MiB RSS, 253 goroutines, 82 MiB/36 MiB/141 MiB GO alloc/idle/total, 50 MiB/64 MiB CGO alloc/total, 224.0 CGO/sec, 0.1/0.2 %(u/s)time, 0.0 %gc (0x), 7.4 KiB/6.4 KiB (r/w)net
I201101 10:00:53.538968 334 server/status/runtime.go:498  [n1] runtime stats: 209 MiB RSS, 253 goroutines, 90 MiB/29 MiB/141 MiB GO alloc/idle/total, 50 MiB/64 MiB CGO alloc/total, 211.2 CGO/sec, 0.3/0.3 %(u/s)time, 0.0 %gc (0x), 1.0 KiB/1.0 KiB (r/w)net
I201101 10:01:03.545005 334 server/status/runtime.go:498  [n1] runtime stats: 210 MiB RSS, 253 goroutines, 98 MiB/22 MiB/141 MiB GO alloc/idle/total, 50 MiB/64 MiB CGO alloc/total, 280.7 CGO/sec, 0.2/0.3 %(u/s)time, 0.0 %gc (0x), 1.5 KiB/1.8 KiB (r/w)net
I201101 10:01:13.121867 329 gossip/gossip.go:567  [n1] gossip status (ok, 1 node)
gossip client (0/3 cur/max conns)
gossip server (0/3 cur/max conns, infos 0/0 sent/received, bytes 0B/0B sent/received)
I201101 10:01:13.553430 334 server/status/runtime.go:498  [n1] runtime stats: 210 MiB RSS, 252 goroutines, 105 MiB/15 MiB/141 MiB GO alloc/idle/total, 50 MiB/64 MiB CGO alloc/total, 241.1 CGO/sec, 0.0/0.3 %(u/s)time, 0.0 %gc (0x), 4.3 KiB/3.5 KiB (r/w)net
I201101 10:01:23.544513 334 server/status/runtime.go:498  [n1] runtime stats: 210 MiB RSS, 252 goroutines, 63 MiB/52 MiB/141 MiB GO alloc/idle/total, 50 MiB/64 MiB CGO alloc/total, 331.8 CGO/sec, 0.3/0.2 %(u/s)time, 0.0 %gc (1x), 1.5 KiB/1.4 KiB (r/w)net
I201101 10:01:33.540071 334 server/status/runtime.go:498  [n1] runtime stats: 211 MiB RSS, 252 goroutines, 71 MiB/45 MiB/141 MiB GO alloc/idle/total, 50 MiB/64 MiB CGO alloc/total, 195.4 CGO/sec, 0.3/0.0 %(u/s)time, 0.0 %gc (0x), 9.6 KiB/5.0 KiB (r/w)net
I201101 10:01:43.551288 334 server/status/runtime.go:498  [n1] runtime stats: 211 MiB RSS, 253 goroutines, 78 MiB/39 MiB/141 MiB GO alloc/idle/total, 50 MiB/64 MiB CGO alloc/total, 248.6 CGO/sec, 0.8/0.2 %(u/s)time, 0.0 %gc (0x), 3.7 KiB/3.2 KiB (r/w)net
I201101 10:01:53.540721 334 server/status/runtime.go:498  [n1] runtime stats: 211 MiB RSS, 253 goroutines, 86 MiB/32 MiB/141 MiB GO alloc/idle/total, 50 MiB/64 MiB CGO alloc/total, 202.5 CGO/sec, 0.6/0.3 %(u/s)time, 0.0 %gc (0x), 19 KiB/6.1 KiB (r/w)net
I201101 10:02:03.541810 334 server/status/runtime.go:498  [n1] runtime stats: 211 MiB RSS, 249 goroutines, 92 MiB/26 MiB/141 MiB GO alloc/idle/total, 50 MiB/64 MiB CGO alloc/total, 210.7 CGO/sec, 0.0/0.0 %(u/s)time, 0.0 %gc (0x), 1.1 KiB/1.6 KiB (r/w)net
I201101 10:02:13.122596 329 gossip/gossip.go:567  [n1] gossip status (ok, 1 node)
gossip client (0/3 cur/max conns)
gossip server (0/3 cur/max conns, infos 0/0 sent/received, bytes 0B/0B sent/received)
I201101 10:02:13.540698 334 server/status/runtime.go:498  [n1] runtime stats: 212 MiB RSS, 248 goroutines, 99 MiB/20 MiB/141 MiB GO alloc/idle/total, 50 MiB/64 MiB CGO alloc/total, 250.6 CGO/sec, 0.3/0.2 %(u/s)time, 0.0 %gc (0x), 2.7 KiB/2.9 KiB (r/w)net
I201101 10:02:23.557320 334 server/status/runtime.go:498  [n1] runtime stats: 212 MiB RSS, 248 goroutines, 57 MiB/57 MiB/141 MiB GO alloc/idle/total, 50 MiB/64 MiB CGO alloc/total, 313.4 CGO/sec, 0.5/0.1 %(u/s)time, 0.0 %gc (1x), 12 KiB/7.2 KiB (r/w)net
I201101 10:02:33.549322 334 server/status/runtime.go:498  [n1] runtime stats: 212 MiB RSS, 248 goroutines, 64 MiB/52 MiB/141 MiB GO alloc/idle/total, 50 MiB/64 MiB CGO alloc/total, 215.0 CGO/sec, 0.6/0.0 %(u/s)time, 0.0 %gc (0x), 8.0 KiB/4.9 KiB (r/w)net
I201101 10:02:43.553902 334 server/status/runtime.go:498  [n1] runtime stats: 212 MiB RSS, 249 goroutines, 71 MiB/45 MiB/141 MiB GO alloc/idle/total, 50 MiB/64 MiB CGO alloc/total, 218.0 CGO/sec, 0.6/0.2 %(u/s)time, 0.0 %gc (0x), 6.9 KiB/5.8 KiB (r/w)net
I201101 10:02:53.546760 334 server/status/runtime.go:498  [n1] runtime stats: 212 MiB RSS, 250 goroutines, 78 MiB/39 MiB/141 MiB GO alloc/idle/total, 50 MiB/64 MiB CGO alloc/total, 219.0 CGO/sec, 0.5/0.5 %(u/s)time, 0.0 %gc (0x), 2.4 KiB/1.3 KiB (r/w)net
I201101 10:03:03.550918 334 server/status/runtime.go:498  [n1] runtime stats: 213 MiB RSS, 250 goroutines, 85 MiB/33 MiB/141 MiB GO alloc/idle/total, 50 MiB/64 MiB CGO alloc/total, 220.6 CGO/sec, 0.8/0.0 %(u/s)time, 0.0 %gc (0x), 3.7 KiB/4.2 KiB (r/w)net
I201101 10:03:13.122039 329 gossip/gossip.go:567  [n1] gossip status (ok, 1 node)
gossip client (0/3 cur/max conns)
gossip server (0/3 cur/max conns, infos 0/0 sent/received, bytes 0B/0B sent/received)
I201101 10:03:13.555754 334 server/status/runtime.go:498  [n1] runtime stats: 213 MiB RSS, 249 goroutines, 92 MiB/27 MiB/141 MiB GO alloc/idle/total, 50 MiB/64 MiB CGO alloc/total, 253.0 CGO/sec, 0.0/0.1 %(u/s)time, 0.0 %gc (0x), 7.2 KiB/28 KiB (r/w)net
I201101 10:03:23.563167 334 server/status/runtime.go:498  [n1] runtime stats: 213 MiB RSS, 249 goroutines, 99 MiB/20 MiB/141 MiB GO alloc/idle/total, 50 MiB/64 MiB CGO alloc/total, 311.5 CGO/sec, 0.3/0.5 %(u/s)time, 0.0 %gc (0x), 1.5 KiB/1.3 KiB (r/w)net
I201101 10:03:33.547869 334 server/status/runtime.go:498  [n1] runtime stats: 213 MiB RSS, 249 goroutines, 106 MiB/14 MiB/141 MiB GO alloc/idle/total, 50 MiB/64 MiB CGO alloc/total, 266.8 CGO/sec, 0.0/0.3 %(u/s)time, 0.0 %gc (0x), 13 KiB/12 KiB (r/w)net
I201101 10:03:43.552249 334 server/status/runtime.go:498  [n1] runtime stats: 214 MiB RSS, 250 goroutines, 58 MiB/56 MiB/141 MiB GO alloc/idle/total, 50 MiB/64 MiB CGO alloc/total, 229.8 CGO/sec, 0.1/0.3 %(u/s)time, 0.0 %gc (1x), 3.7 KiB/4.2 KiB (r/w)net
I201101 10:03:53.556906 334 server/status/runtime.go:498  [n1] runtime stats: 214 MiB RSS, 250 goroutines, 65 MiB/50 MiB/141 MiB GO alloc/idle/total, 50 MiB/64 MiB CGO alloc/total, 208.8 CGO/sec, 0.2/0.1 %(u/s)time, 0.0 %gc (0x), 10 KiB/5.3 KiB (r/w)net
I201101 10:04:03.564383 334 server/status/runtime.go:498  [n1] runtime stats: 214 MiB RSS, 250 goroutines, 74 MiB/43 MiB/141 MiB GO alloc/idle/total, 50 MiB/64 MiB CGO alloc/total, 238.1 CGO/sec, 0.3/0.0 %(u/s)time, 0.0 %gc (0x), 5.1 KiB/2.1 KiB (r/w)net
I201101 10:04:13.114995 329 gossip/gossip.go:567  [n1] gossip status (ok, 1 node)
gossip client (0/3 cur/max conns)
gossip server (0/3 cur/max conns, infos 0/0 sent/received, bytes 0B/0B sent/received)
I201101 10:04:13.551877 334 server/status/runtime.go:498  [n1] runtime stats: 214 MiB RSS, 249 goroutines, 81 MiB/37 MiB/141 MiB GO alloc/idle/total, 50 MiB/64 MiB CGO alloc/total, 239.1 CGO/sec, 0.3/0.2 %(u/s)time, 0.0 %gc (0x), 3.4 KiB/3.1 KiB (r/w)net
I201101 10:04:23.559960 334 server/status/runtime.go:498  [n1] runtime stats: 214 MiB RSS, 249 goroutines, 88 MiB/30 MiB/141 MiB GO alloc/idle/total, 50 MiB/64 MiB CGO alloc/total, 321.6 CGO/sec, 0.2/0.2 %(u/s)time, 0.0 %gc (0x), 2.3 KiB/1.3 KiB (r/w)net
I201101 10:04:30.842226 1 cli/start.go:919  received signal 'interrupt'
I201101 10:04:30.843312 1 cli/start.go:1006  initiating graceful shutdown of server
I201101 10:04:30.849405 30465 server/drain.go:173  [server drain process] drain remaining: 3
I201101 10:04:30.850548 30465 server/drain.go:175  [server drain process] drain details: table leases: 2, liveness record: 1
I201101 10:04:31.055516 30465 server/drain.go:173  [server drain process] drain remaining: 0
I201101 10:04:31.056361 30465 util/stop/stopper.go:539  [server drain process] quiescing
I201101 10:04:31.057503 30465 storage/rocksdb.go:746  closing rocksdb instance at "C:\\Users\\samue\\Documents\\GitHub\\halloweenWeb\\cockroach-data\\cockroach-temp261384835"
I201101 10:04:31.063491 30465 storage/rocksdb.go:746  closing rocksdb instance at "C:\\Users\\samue\\Documents\\GitHub\\halloweenWeb\\cockroach-data"
I201101 10:04:31.083945 1 cli/start.go:1048  server drained and shutdown completed
E201101 10:04:31.085733 1 cli/error.go:373  ERROR: interrupted
