I201101 09:10:45.354008 1 util/log/sync_buffer.go:70  [config] file created at: 2020/11/01 09:10:45
I201101 09:10:45.354008 1 util/log/sync_buffer.go:70  [config] running on machine: DESKTOP-PDHEF09
I201101 09:10:45.354008 1 util/log/sync_buffer.go:70  [config] binary: CockroachDB CCL v20.1.8 (x86_64-w64-mingw32, built 2020/10/21 15:56:58, go1.13.9)
I201101 09:10:45.354008 1 util/log/sync_buffer.go:70  [config] arguments: [C:\Program Files\cockroach-v20.1.8.windows-6.2-amd64\cockroach-v20.1.8.windows-6.2-amd64\cockroach.exe start --insecure --listen-addr=localhost]
I201101 09:10:45.354008 1 util/log/sync_buffer.go:70  line format: [IWEF]yymmdd hh:mm:ss.uuuuuu goid file:line msg utf8=✓
I201101 09:10:45.354007 1 cli/start.go:1223  logging to directory C:\Users\samue\Documents\GitHub\halloweenWeb\cockroach-data\logs
W201101 09:10:45.359464 1 cli/start.go:1272  RUNNING IN INSECURE MODE!

- Your cluster is open for any client that can access localhost.
- Any user, even root, can log in without providing a password.
- Any user, connecting as root, can read or write any data in your cluster.
- There is no network encryption nor authentication, and thus no confidentiality.

Check out how to secure your cluster: https://www.cockroachlabs.com/docs/v20.1/secure-a-cluster.html
W201101 09:10:45.359492 1 cli/start.go:1144  Using the default setting for --cache (128 MiB).
  A significantly larger value is usually needed for good performance.
  If you have a dedicated server a reasonable setting is --cache=.25 (16 GiB).
I201101 09:10:45.359507 1 cli/start.go:1286  CockroachDB CCL v20.1.8 (x86_64-w64-mingw32, built 2020/10/21 15:56:58, go1.13.9)
W201101 09:10:45.377727 1 cli/start.go:548  running 'cockroach start' without --join is deprecated.
Consider using 'cockroach start-single-node' or 'cockroach init' instead.
I201101 09:10:45.385994 1 server/config.go:404  system total memory: 64 GiB
I201101 09:10:45.386039 1 server/config.go:406  server configuration:
max offset             500000000
cache size             128 MiB
SQL memory pool size   16 GiB
scan interval          10m0s
scan min idle time     10ms
scan max idle time     1s
event log enabled      true
I201101 09:10:45.386057 1 cli/start.go:1129  process identity: uid S-1-5-21-2477386673-297547264-542362026-1001, gid S-1-5-21-2477386673-297547264-542362026-1001
I201101 09:10:45.386210 1 cli/start.go:697  starting cockroach node
I201101 09:10:45.391205 16 storage/rocksdb.go:606  opening rocksdb instance at "C:\\Users\\samue\\Documents\\GitHub\\halloweenWeb\\cockroach-data\\cockroach-temp339138499"
I201101 09:10:45.706044 16 server/server.go:1071  [n?] monitoring forward clock jumps based on server.clock.forward_jump_check_enabled
E201101 09:10:45.709278 1 cli/error.go:373  ERROR: cockroach server exited with error: consider changing the port via --http-addr: listen tcp 127.0.0.1:8080: bind: Only one usage of each socket address (protocol/network address/port) is normally permitted.
