I201101 10:20:46.767898 1 util/log/sync_buffer.go:70  [config] file created at: 2020/11/01 10:20:46
I201101 10:20:46.767898 1 util/log/sync_buffer.go:70  [config] running on machine: DESKTOP-PDHEF09
I201101 10:20:46.767898 1 util/log/sync_buffer.go:70  [config] binary: CockroachDB CCL v20.1.8 (x86_64-w64-mingw32, built 2020/10/21 15:56:58, go1.13.9)
I201101 10:20:46.767898 1 util/log/sync_buffer.go:70  [config] arguments: [C:\Program Files\cockroach-v20.1.8.windows-6.2-amd64\cockroach-v20.1.8.windows-6.2-amd64\cockroach.exe start --insecure --join=localhost:26258 --listen-addr=localhost]
I201101 10:20:46.767898 1 util/log/sync_buffer.go:70  line format: [IWEF]yymmdd hh:mm:ss.uuuuuu goid file:line msg utf8=✓
I201101 10:20:46.767896 1 cli/start.go:1223  logging to directory C:\Users\samue\Documents\GitHub\halloweenWeb\cockroach-data\logs
W201101 10:20:46.774929 1 cli/start.go:1272  RUNNING IN INSECURE MODE!

- Your cluster is open for any client that can access localhost.
- Any user, even root, can log in without providing a password.
- Any user, connecting as root, can read or write any data in your cluster.
- There is no network encryption nor authentication, and thus no confidentiality.

Check out how to secure your cluster: https://www.cockroachlabs.com/docs/v20.1/secure-a-cluster.html
W201101 10:20:46.774978 1 cli/start.go:1144  Using the default setting for --cache (128 MiB).
  A significantly larger value is usually needed for good performance.
  If you have a dedicated server a reasonable setting is --cache=.25 (16 GiB).
I201101 10:20:46.774988 1 cli/start.go:1286  CockroachDB CCL v20.1.8 (x86_64-w64-mingw32, built 2020/10/21 15:56:58, go1.13.9)
I201101 10:20:46.783025 1 server/config.go:404  system total memory: 64 GiB
I201101 10:20:46.783124 1 server/config.go:406  server configuration:
max offset             500000000
cache size             128 MiB
SQL memory pool size   16 GiB
scan interval          10m0s
scan min idle time     10ms
scan max idle time     1s
event log enabled      true
I201101 10:20:46.783154 1 cli/start.go:1129  process identity: uid S-1-5-21-2477386673-297547264-542362026-1001, gid S-1-5-21-2477386673-297547264-542362026-1001
I201101 10:20:46.783408 1 cli/start.go:697  starting cockroach node
I201101 10:20:46.789296 69 storage/rocksdb.go:606  opening rocksdb instance at "C:\\Users\\samue\\Documents\\GitHub\\halloweenWeb\\cockroach-data\\cockroach-temp941302959"
I201101 10:20:47.111706 69 server/server.go:1071  [n?] monitoring forward clock jumps based on server.clock.forward_jump_check_enabled
I201101 10:20:47.112254 69 storage/rocksdb.go:606  opening rocksdb instance at "C:\\Users\\samue\\Documents\\GitHub\\halloweenWeb\\cockroach-data"
I201101 10:20:47.312992 69 server/config.go:578  [n?] 1 storage engine initialized
I201101 10:20:47.313003 69 server/config.go:581  [n?] RocksDB cache size: 128 MiB
I201101 10:20:47.313009 69 server/config.go:581  [n?] store 0: RocksDB, max size 0 B, max open file limit 10000
W201101 10:20:47.319152 69 gossip/gossip.go:1513  [n?] no incoming or outgoing connections
I201101 10:20:47.321460 69 server/server.go:1117  [n?] Sleeping till wall time 1604226047321442600 to catches up to 1604226047611671201 to ensure monotonicity. Delta: 290.228601ms
I201101 10:20:47.621504 69 gossip/gossip.go:395  [n1] NodeDescriptor set to node_id:1 address:<network_field:"tcp" address_field:"localhost:26257" > attrs:<> locality:<> ServerVersion:<major_val:20 minor_val:1 patch:0 unstable:0 > build_tag:"v20.1.8" started_at:1604226047621283000 cluster_name:"" sql_address:<network_field:"tcp" address_field:"localhost:26257" > 
W201101 10:20:47.633131 297 kv/kvserver/replica_range_lease.go:554  can't determine lease status due to node liveness error: node not in the liveness table
github.com/cockroachdb/cockroach/pkg/kv/kvserver.init
	/go/src/github.com/cockroachdb/cockroach/pkg/kv/kvserver/node_liveness.go:44
runtime.doInit
	/usr/local/go/src/runtime/proc.go:5222
runtime.doInit
	/usr/local/go/src/runtime/proc.go:5217
runtime.doInit
	/usr/local/go/src/runtime/proc.go:5217
runtime.doInit
	/usr/local/go/src/runtime/proc.go:5217
runtime.main
	/usr/local/go/src/runtime/proc.go:190
runtime.goexit
	/usr/local/go/src/runtime/asm_amd64.s:1357
W201101 10:20:47.633192 297 kv/kvserver/store.go:1631  [n1,s1,r6/1:/Table/{SystemCon…-11}] could not gossip system config: [NotLeaseHolderError] r6: replica (n1,s1):1 not lease holder; lease holder unknown
I201101 10:20:47.636231 69 server/node.go:428  [n1] initialized store [n1,s1]: disk (capacity=638 GiB, available=466 GiB, used=3.4 MiB, logicalBytes=65 MiB), ranges=32, leases=0, queries=0.00, writes=0.00, bytesPerReplica={p10=0.00 p25=0.00 p50=0.00 p75=1409.00 p90=14030.00 pMax=68006273.00}, writesPerReplica={p10=0.00 p25=0.00 p50=0.00 p75=0.00 p90=0.00 pMax=0.00}
I201101 10:20:47.636319 69 kv/kvserver/stores.go:247  [n1] read 0 node addresses from persistent storage
I201101 10:20:47.636426 69 server/node.go:649  [n1] connecting to gossip network to verify cluster ID...
I201101 10:20:47.636439 69 server/node.go:669  [n1] node connected via gossip and verified as part of cluster "846acbbe-3ab2-44bd-a1b7-9aa882763b89"
I201101 10:20:47.636493 69 server/node.go:512  [n1] node=1: started with [<no-attributes>=C:\Users\samue\Documents\GitHub\halloweenWeb\cockroach-data] engine(s) and attributes []
I201101 10:20:47.636678 373 sql/temporary_schema.go:459  [n1] running temporary object cleanup background job
I201101 10:20:47.636882 69 server/server.go:1656  [n1] starting http server at 127.0.0.1:8080 (use: localhost:8080)
I201101 10:20:47.636910 69 server/server.go:1663  [n1] starting grpc/postgres server at 127.0.0.1:26257
I201101 10:20:47.636928 69 server/server.go:1664  [n1] advertising CockroachDB node at localhost:26257
I201101 10:20:47.650595 373 sql/temporary_schema.go:494  [n1] found 0 temporary schemas
I201101 10:20:47.650611 373 sql/temporary_schema.go:497  [n1] early exiting temporary schema cleaner as no temporary schemas were found
I201101 10:20:47.650630 373 sql/temporary_schema.go:498  [n1] completed temporary object cleanup job
I201101 10:20:47.650650 373 sql/temporary_schema.go:575  [n1] temporary object cleaner next scheduled to run at 2020-11-01 10:50:47.6365459 +0000 UTC
I201101 10:20:47.654039 69 server/server.go:1824  [n1] done ensuring all necessary migrations have run
I201101 10:20:47.654074 69 server/server.go:2066  [n1] serving sql connections
I201101 10:20:47.654254 432 sqlmigrations/migrations.go:668  [n1] starting wait for upgrade finalization before schema change job migration
I201101 10:20:47.654452 69 cli/start.go:857  [config] clusterID: 846acbbe-3ab2-44bd-a1b7-9aa882763b89
I201101 10:20:47.654517 69 cli/start.go:866  node startup completed:
CockroachDB node starting at 2020-11-01 10:20:47.6542068 +0000 UTC (took 0.9s)
build:               CCL v20.1.8 @ 2020/10/21 15:56:58 (go1.13.9)
webui:               http://localhost:8080
sql:                 postgresql://root@localhost:26257?sslmode=disable
RPC client flags:    C:\Program Files\cockroach-v20.1.8.windows-6.2-amd64\cockroach-v20.1.8.windows-6.2-amd64\cockroach.exe <client cmd> --host=localhost:26257 --insecure
logs:                C:\Users\samue\Documents\GitHub\halloweenWeb\cockroach-data\logs
temp dir:            C:\Users\samue\Documents\GitHub\halloweenWeb\cockroach-data\cockroach-temp941302959
external I/O path:   C:\Users\samue\Documents\GitHub\halloweenWeb\cockroach-data\extern
store[0]:            path=C:\Users\samue\Documents\GitHub\halloweenWeb\cockroach-data
storage engine:      rocksdb
status:              restarted pre-existing node
clusterID:           846acbbe-3ab2-44bd-a1b7-9aa882763b89
nodeID:              1
I201101 10:20:47.654707 432 sqlmigrations/migrations.go:694  [n1] schema change job migration already complete
I201101 10:20:47.656689 430 server/server_update.go:55  [n1] no need to upgrade, cluster already at the newest version
I201101 10:20:47.662477 433 sql/event_log.go:132  [n1] Event: "node_restart", target: 1, info: {Descriptor:{NodeID:1 Address:localhost:26257 Attrs: Locality: ServerVersion:20.1 BuildTag:v20.1.8 StartedAt:1604226047621283000 LocalityAddress:[] ClusterName: SQLAddress:localhost:26257} ClusterID:846acbbe-3ab2-44bd-a1b7-9aa882763b89 StartedAt:1604226047621283000 LastUp:1604226037328626700}
I201101 10:20:49.380218 118 gossip/gossip.go:1527  [n1] node has connected to cluster via gossip
I201101 10:20:49.380362 118 kv/kvserver/stores.go:266  [n1] wrote 0 node addresses to persistent storage
W201101 10:20:49.630211 135 vendor/google.golang.org/grpc/clientconn.go:1206  grpc: addrConn.createTransport failed to connect to {localhost:26258 0  <nil>}. Err :connection error: desc = "transport: Error while dialing dial tcp [::1]:26258: connectex: No connection could be made because the target machine actively refused it.". Reconnecting...
I201101 10:20:49.630407 133 vendor/github.com/cockroachdb/circuitbreaker/circuitbreaker.go:322  [n1] circuitbreaker: gossip 127.0.0.1:26257->localhost:26258 tripped: initial connection heartbeat failed: rpc error: code = Unavailable desc = all SubConns are in TransientFailure, latest connection error: connection error: desc = "transport: Error while dialing dial tcp [::1]:26258: connectex: No connection could be made because the target machine actively refused it."
I201101 10:20:49.630425 133 vendor/github.com/cockroachdb/circuitbreaker/circuitbreaker.go:447  [n1] circuitbreaker: gossip 127.0.0.1:26257->localhost:26258 event: BreakerTripped
W201101 10:20:49.630451 133 gossip/client.go:118  [n1] failed to start gossip client to localhost:26258: initial connection heartbeat failed: rpc error: code = Unavailable desc = all SubConns are in TransientFailure, latest connection error: connection error: desc = "transport: Error while dialing dial tcp [::1]:26258: connectex: No connection could be made because the target machine actively refused it."
W201101 10:20:50.644752 135 vendor/google.golang.org/grpc/clientconn.go:1206  grpc: addrConn.createTransport failed to connect to {localhost:26258 0  <nil>}. Err :connection error: desc = "transport: Error while dialing cannot reuse client connection". Reconnecting...
E201101 10:20:50.644779 56 rpc/context.go:1002  [n1] removing connection to localhost:26258 due to error: cannot reuse client connection
W201101 10:20:57.638111 375 server/status/runtime.go:420  [n1] unable to get file descriptor usage (will not try again): not implemented on windows
I201101 10:20:57.933661 375 server/status/runtime.go:498  [n1] runtime stats: 86 MiB RSS, 240 goroutines, 61 MiB/1.9 MiB/78 MiB GO alloc/idle/total, 17 MiB/22 MiB CGO alloc/total, 0.0 CGO/sec, 0.0/0.0 %(u/s)time, 0.0 %gc (9x), 32 KiB/12 KiB (r/w)net
I201101 10:21:07.641517 305 kv/kvserver/store.go:2474  [n1,s1] sstables (read amplification = 1):
6 [ 2M 1 ]: 2M
I201101 10:21:07.641643 305 kv/kvserver/store.go:2475  [n1,s1] 
** Compaction Stats [default] **
Level    Files   Size     Score Read(GB)  Rn(GB) Rnp1(GB) Write(GB) Wnew(GB) Moved(GB) W-Amp Rd(MB/s) Wr(MB/s) Comp(sec) CompMergeCPU(sec) Comp(cnt) Avg(sec) KeyIn KeyDrop
----------------------------------------------------------------------------------------------------------------------------------------------------------------------------
  L0      0/0    0.00 KB   0.0      0.0     0.0      0.0       0.0      0.0       0.0   1.0      0.0      1.1      0.12              0.00         1    0.120       0      0
  L6      1/0    1.88 MB   0.0      0.0     0.0      0.0       0.0      0.0       0.0   8.9     48.7     44.9      0.04              0.00         1    0.042     12K   3239
 Sum      1/0    1.88 MB   0.0      0.0     0.0      0.0       0.0      0.0       0.0  14.7     12.6     12.5      0.16              0.00         2    0.081     12K   3239
 Int      0/0    0.00 KB   0.0      0.0     0.0      0.0       0.0      0.0       0.0  14.7     12.6     12.5      0.16              0.00         2    0.081     12K   3239

** Compaction Stats [default] **
Priority    Files   Size     Score Read(GB)  Rn(GB) Rnp1(GB) Write(GB) Wnew(GB) Moved(GB) W-Amp Rd(MB/s) Wr(MB/s) Comp(sec) CompMergeCPU(sec) Comp(cnt) Avg(sec) KeyIn KeyDrop
-------------------------------------------------------------------------------------------------------------------------------------------------------------------------------
 Low      0/0    0.00 KB   0.0      0.0     0.0      0.0       0.0      0.0       0.0   0.0     48.7     44.9      0.04              0.00         1    0.042     12K   3239
User      0/0    0.00 KB   0.0      0.0     0.0      0.0       0.0      0.0       0.0   0.0      0.0      1.1      0.12              0.00         1    0.120       0      0
Uptime(secs): 20.5 total, 20.5 interval
Flush(GB): cumulative 0.000, interval 0.000
AddFile(GB): cumulative 0.000, interval 0.000
AddFile(Total Files): cumulative 0, interval 0
AddFile(L0 Files): cumulative 0, interval 0
AddFile(Keys): cumulative 0, interval 0
Cumulative compaction: 0.00 GB write, 0.10 MB/s write, 0.00 GB read, 0.10 MB/s read, 0.2 seconds
Interval compaction: 0.00 GB write, 0.10 MB/s write, 0.00 GB read, 0.10 MB/s read, 0.2 seconds
Stalls(count): 0 level0_slowdown, 0 level0_slowdown_with_compaction, 0 level0_numfiles, 0 level0_numfiles_with_compaction, 0 stop for pending_compaction_bytes, 0 slowdown for pending_compaction_bytes, 0 memtable_compaction, 0 memtable_slowdown, interval 0 total count
estimated_pending_compaction_bytes: 0 B
I201101 10:21:07.934662 375 server/status/runtime.go:498  [n1] runtime stats: 95 MiB RSS, 249 goroutines, 74 MiB/1.2 MiB/90 MiB GO alloc/idle/total, 18 MiB/22 MiB CGO alloc/total, 363.9 CGO/sec, 0.5/0.8 %(u/s)time, 0.0 %gc (0x), 2.6 KiB/3.6 KiB (r/w)net
W201101 10:21:20.644895 375 server/status/runtime.go:430  [n1] problem fetching disk stats: context deadline exceeded; disk stats will be empty.
I201101 10:21:20.649896 375 server/status/runtime.go:498  [n1] runtime stats: 104 MiB RSS, 249 goroutines, 54 MiB/31 MiB/101 MiB GO alloc/idle/total(stale), 18 MiB/23 MiB CGO alloc/total, 276.7 CGO/sec, 0.4/0.4 %(u/s)time, 0.0 %gc (1x), 12 KiB/4.2 KiB (r/w)net
I201101 10:21:27.938935 375 server/status/runtime.go:498  [n1] runtime stats: 108 MiB RSS, 250 goroutines, 64 MiB/22 MiB/101 MiB GO alloc/idle/total, 18 MiB/24 MiB CGO alloc/total, 394.2 CGO/sec, 0.4/0.2 %(u/s)time, 0.0 %gc (0x), 6.6 KiB/4.5 KiB (r/w)net
I201101 10:21:37.956492 375 server/status/runtime.go:498  [n1] runtime stats: 113 MiB RSS, 251 goroutines, 77 MiB/9.2 MiB/101 MiB GO alloc/idle/total, 19 MiB/24 MiB CGO alloc/total, 257.1 CGO/sec, 0.5/0.1 %(u/s)time, 0.0 %gc (0x), 7.6 KiB/7.3 KiB (r/w)net
I201101 10:21:47.637682 306 gossip/gossip.go:567  [n1] gossip status (ok, 1 node)
gossip client (0/3 cur/max conns)
gossip server (0/3 cur/max conns, infos 0/0 sent/received, bytes 0B/0B sent/received)
gossip connectivity
  n1 [sentinel];
I201101 10:21:47.948337 375 server/status/runtime.go:498  [n1] runtime stats: 118 MiB RSS, 250 goroutines, 87 MiB/4.0 MiB/104 MiB GO alloc/idle/total, 19 MiB/24 MiB CGO alloc/total, 355.6 CGO/sec, 1.1/0.5 %(u/s)time, 0.0 %gc (0x), 20 KiB/6.3 KiB (r/w)net
I201101 10:21:57.796175 1784 sql/event_log.go:132  [n1,client=127.0.0.1:62288,hostnossl,user=root] Event: "create_table", target: 53, info: {TableName:movies.public.movies Statement:CREATE TABLE IF NOT EXISTS movies (title STRING, director STRING, imageurl STRING, description STRING, runtime INT8) User:root}
I201101 10:21:57.797913 1724 kv/kvserver/replica_command.go:397  [n1,split,s1,r32/1:/{Table/36-Max}] initiating a split of this range at key /Table/53 [r33] (zone config)
I201101 10:21:57.952736 375 server/status/runtime.go:498  [n1] runtime stats: 124 MiB RSS, 250 goroutines, 95 MiB/4.0 MiB/113 MiB GO alloc/idle/total, 20 MiB/25 MiB CGO alloc/total, 227.2 CGO/sec, 0.2/0.2 %(u/s)time, 0.0 %gc (0x), 3.9 KiB/5.3 KiB (r/w)net
I201101 10:22:07.945751 375 server/status/runtime.go:498  [n1] runtime stats: 130 MiB RSS, 251 goroutines, 58 MiB/42 MiB/119 MiB GO alloc/idle/total, 20 MiB/25 MiB CGO alloc/total, 431.2 CGO/sec, 0.5/0.3 %(u/s)time, 0.0 %gc (1x), 6.7 KiB/5.1 KiB (r/w)net
I201101 10:22:17.951651 375 server/status/runtime.go:498  [n1] runtime stats: 132 MiB RSS, 251 goroutines, 68 MiB/33 MiB/119 MiB GO alloc/idle/total, 20 MiB/25 MiB CGO alloc/total, 258.4 CGO/sec, 0.3/0.3 %(u/s)time, 0.0 %gc (0x), 7.9 KiB/7.2 KiB (r/w)net
I201101 10:22:18.564242 1 cli/start.go:919  received signal 'interrupt'
I201101 10:22:18.565492 1 cli/start.go:1006  initiating graceful shutdown of server
I201101 10:22:18.570692 2152 server/drain.go:173  [server drain process] drain remaining: 2
I201101 10:22:18.572085 2152 server/drain.go:175  [server drain process] drain details: table leases: 1, liveness record: 1
I201101 10:22:18.776016 2152 server/drain.go:173  [server drain process] drain remaining: 0
I201101 10:22:18.776979 2152 util/stop/stopper.go:539  [server drain process] quiescing
I201101 10:22:18.778381 2152 storage/rocksdb.go:746  closing rocksdb instance at "C:\\Users\\samue\\Documents\\GitHub\\halloweenWeb\\cockroach-data\\cockroach-temp941302959"
I201101 10:22:18.786953 2152 storage/rocksdb.go:746  closing rocksdb instance at "C:\\Users\\samue\\Documents\\GitHub\\halloweenWeb\\cockroach-data"
I201101 10:22:18.797079 1 cli/start.go:1048  server drained and shutdown completed
E201101 10:22:18.798616 1 cli/error.go:373  ERROR: interrupted
