I201101 10:07:31.240918 25 util/log/sync_buffer.go:70  [config] file created at: 2020/11/01 10:07:31
I201101 10:07:31.240918 25 util/log/sync_buffer.go:70  [config] running on machine: DESKTOP-PDHEF09
I201101 10:07:31.240918 25 util/log/sync_buffer.go:70  [config] binary: CockroachDB CCL v20.1.8 (x86_64-w64-mingw32, built 2020/10/21 15:56:58, go1.13.9)
I201101 10:07:31.240918 25 util/log/sync_buffer.go:70  [config] arguments: [C:\Program Files\cockroach-v20.1.8.windows-6.2-amd64\cockroach-v20.1.8.windows-6.2-amd64\cockroach.exe start --insecure --join=localhost:26257 --listen-addr=localhost]
I201101 10:07:31.240918 25 util/log/sync_buffer.go:70  line format: [IWEF]yymmdd hh:mm:ss.uuuuuu goid file:line msg utf8=✓
I201101 10:07:31.240917 25 storage/rocksdb.go:102  RocksDB version: 6.2.1
I201101 10:07:31.242287 25 storage/rocksdb.go:102  Git sha rocksdb_build_git_sha:@@
I201101 10:07:31.242290 25 storage/rocksdb.go:102  Compile date Oct 21 2020
I201101 10:07:31.242297 25 storage/rocksdb.go:102  DB SUMMARY
I201101 10:07:31.242389 25 storage/rocksdb.go:102  SST files in C:\Users\samue\Documents\GitHub\halloweenWeb\cockroach-data\cockroach-temp339074403 dir, Total Num: 0, files: 
I201101 10:07:31.242394 25 storage/rocksdb.go:102  Write Ahead Log file in C:\Users\samue\Documents\GitHub\halloweenWeb\cockroach-data\cockroach-temp339074403: 
I201101 10:07:31.242398 25 storage/rocksdb.go:102                          Options.error_if_exists: 0
I201101 10:07:31.242401 25 storage/rocksdb.go:102                        Options.create_if_missing: 1
I201101 10:07:31.242407 25 storage/rocksdb.go:102                          Options.paranoid_checks: 1
I201101 10:07:31.242410 25 storage/rocksdb.go:102                                      Options.env: 00000000000ab280
I201101 10:07:31.242413 25 storage/rocksdb.go:102                                 Options.info_log: 0000000010d6e460
I201101 10:07:31.242417 25 storage/rocksdb.go:102                 Options.max_file_opening_threads: 16
I201101 10:07:31.242420 25 storage/rocksdb.go:102                               Options.statistics: 00000000000ba6b0
I201101 10:07:31.242423 25 storage/rocksdb.go:102                                Options.use_fsync: 0
I201101 10:07:31.242426 25 storage/rocksdb.go:102                        Options.max_log_file_size: 0
I201101 10:07:31.242429 25 storage/rocksdb.go:102                   Options.max_manifest_file_size: 134217728
I201101 10:07:31.242433 25 storage/rocksdb.go:102                    Options.log_file_time_to_roll: 0
I201101 10:07:31.242436 25 storage/rocksdb.go:102                        Options.keep_log_file_num: 1000
I201101 10:07:31.242439 25 storage/rocksdb.go:102                     Options.recycle_log_file_num: 1
I201101 10:07:31.242442 25 storage/rocksdb.go:102                          Options.allow_fallocate: 1
I201101 10:07:31.242445 25 storage/rocksdb.go:102                         Options.allow_mmap_reads: 0
I201101 10:07:31.242448 25 storage/rocksdb.go:102                        Options.allow_mmap_writes: 0
I201101 10:07:31.242451 25 storage/rocksdb.go:102                         Options.use_direct_reads: 0
I201101 10:07:31.242455 25 storage/rocksdb.go:102                         Options.use_direct_io_for_flush_and_compaction: 0
I201101 10:07:31.242458 25 storage/rocksdb.go:102           Options.create_missing_column_families: 0
I201101 10:07:31.242461 25 storage/rocksdb.go:102                               Options.db_log_dir: 
I201101 10:07:31.242464 25 storage/rocksdb.go:102                                  Options.wal_dir: C:\Users\samue\Documents\GitHub\halloweenWeb\cockroach-data\cockroach-temp339074403
I201101 10:07:31.242468 25 storage/rocksdb.go:102                 Options.table_cache_numshardbits: 6
I201101 10:07:31.242471 25 storage/rocksdb.go:102                       Options.max_subcompactions: 1
I201101 10:07:31.242474 25 storage/rocksdb.go:102                   Options.max_background_flushes: -1
I201101 10:07:31.242477 25 storage/rocksdb.go:102                          Options.WAL_ttl_seconds: 0
I201101 10:07:31.242480 25 storage/rocksdb.go:102                        Options.WAL_size_limit_MB: 0
I201101 10:07:31.242483 25 storage/rocksdb.go:102              Options.manifest_preallocation_size: 4194304
I201101 10:07:31.242486 25 storage/rocksdb.go:102                      Options.is_fd_close_on_exec: 1
I201101 10:07:31.242489 25 storage/rocksdb.go:102                    Options.advise_random_on_open: 1
I201101 10:07:31.242492 25 storage/rocksdb.go:102                     Options.db_write_buffer_size: 0
I201101 10:07:31.242495 25 storage/rocksdb.go:102                     Options.write_buffer_manager: 00000000001d62e0
I201101 10:07:31.242498 25 storage/rocksdb.go:102          Options.access_hint_on_compaction_start: 1
I201101 10:07:31.242501 25 storage/rocksdb.go:102   Options.new_table_reader_for_compaction_inputs: 0
I201101 10:07:31.242504 25 storage/rocksdb.go:102            Options.random_access_max_buffer_size: 1048576
I201101 10:07:31.242508 25 storage/rocksdb.go:102                       Options.use_adaptive_mutex: 0
I201101 10:07:31.242511 25 storage/rocksdb.go:102                             Options.rate_limiter: 0000000000000000
I201101 10:07:31.242517 25 storage/rocksdb.go:102      Options.sst_file_manager.rate_bytes_per_sec: 0
I201101 10:07:31.242520 25 storage/rocksdb.go:102                        Options.wal_recovery_mode: 0
I201101 10:07:31.242523 25 storage/rocksdb.go:102                   Options.enable_thread_tracking: 0
I201101 10:07:31.242526 25 storage/rocksdb.go:102                   Options.enable_pipelined_write: 0
I201101 10:07:31.242529 25 storage/rocksdb.go:102          Options.allow_concurrent_memtable_write: 1
I201101 10:07:31.242532 25 storage/rocksdb.go:102       Options.enable_write_thread_adaptive_yield: 1
I201101 10:07:31.242535 25 storage/rocksdb.go:102              Options.write_thread_max_yield_usec: 100
I201101 10:07:31.242538 25 storage/rocksdb.go:102             Options.write_thread_slow_yield_usec: 3
I201101 10:07:31.242541 25 storage/rocksdb.go:102                                Options.row_cache: None
I201101 10:07:31.242544 25 storage/rocksdb.go:102                               Options.wal_filter: None
I201101 10:07:31.242547 25 storage/rocksdb.go:102              Options.avoid_flush_during_recovery: 0
I201101 10:07:31.242550 25 storage/rocksdb.go:102              Options.allow_ingest_behind: 0
I201101 10:07:31.242553 25 storage/rocksdb.go:102              Options.preserve_deletes: 0
I201101 10:07:31.242556 25 storage/rocksdb.go:102              Options.two_write_queues: 0
I201101 10:07:31.242560 25 storage/rocksdb.go:102              Options.manual_wal_flush: 1
I201101 10:07:31.242563 25 storage/rocksdb.go:102              Options.atomic_flush: 0
I201101 10:07:31.242566 25 storage/rocksdb.go:102              Options.avoid_unnecessary_blocking_io: 0
I201101 10:07:31.242569 25 storage/rocksdb.go:102              Options.max_background_jobs: 4
I201101 10:07:31.242572 25 storage/rocksdb.go:102              Options.max_background_compactions: -1
I201101 10:07:31.242575 25 storage/rocksdb.go:102              Options.avoid_flush_during_shutdown: 0
I201101 10:07:31.242578 25 storage/rocksdb.go:102            Options.writable_file_max_buffer_size: 1048576
I201101 10:07:31.242582 25 storage/rocksdb.go:102              Options.delayed_write_rate : 16777216
I201101 10:07:31.242585 25 storage/rocksdb.go:102              Options.max_total_wal_size: 0
I201101 10:07:31.242588 25 storage/rocksdb.go:102              Options.delete_obsolete_files_period_micros: 21600000000
I201101 10:07:31.242591 25 storage/rocksdb.go:102                    Options.stats_dump_period_sec: 0
I201101 10:07:31.242595 25 storage/rocksdb.go:102                  Options.stats_persist_period_sec: 600
I201101 10:07:31.242598 25 storage/rocksdb.go:102                  Options.stats_history_buffer_size: 1048576
I201101 10:07:31.242601 25 storage/rocksdb.go:102                           Options.max_open_files: 128
I201101 10:07:31.242604 25 storage/rocksdb.go:102                           Options.bytes_per_sync: 524288
I201101 10:07:31.242607 25 storage/rocksdb.go:102                       Options.wal_bytes_per_sync: 0
I201101 10:07:31.242610 25 storage/rocksdb.go:102                    Options.strict_bytes_per_sync: 1
I201101 10:07:31.242614 25 storage/rocksdb.go:102        Options.compaction_readahead_size: 0
I201101 10:07:31.242617 25 storage/rocksdb.go:102  Compression algorithms supported:
I201101 10:07:31.242620 25 storage/rocksdb.go:102  	kZSTDNotFinalCompression supported: 0
I201101 10:07:31.242623 25 storage/rocksdb.go:102  	kZSTD supported: 0
I201101 10:07:31.242626 25 storage/rocksdb.go:102  	kXpressCompression supported: 0
I201101 10:07:31.242630 25 storage/rocksdb.go:102  	kLZ4HCCompression supported: 0
I201101 10:07:31.242633 25 storage/rocksdb.go:102  	kLZ4Compression supported: 0
I201101 10:07:31.242636 25 storage/rocksdb.go:102  	kBZip2Compression supported: 0
I201101 10:07:31.242639 25 storage/rocksdb.go:102  	kZlibCompression supported: 0
I201101 10:07:31.242642 25 storage/rocksdb.go:102  	kSnappyCompression supported: 1
I201101 10:07:31.242648 25 storage/rocksdb.go:102  Fast CRC32 supported: Supported on x86
I201101 10:07:31.243062 25 storage/rocksdb.go:102  [db/db_impl_open.cc:242] Creating manifest 1 
I201101 10:07:31.254596 25 storage/rocksdb.go:102  [db/version_set.cc:4072] Recovering from manifest file: C:\Users\samue\Documents\GitHub\halloweenWeb\cockroach-data\cockroach-temp339074403/MANIFEST-000001
I201101 10:07:31.254719 25 storage/rocksdb.go:102  [db/column_family.cc:488] --------------- Options for column family [default]:
I201101 10:07:31.254724 25 storage/rocksdb.go:102                Options.comparator: cockroach_comparator
I201101 10:07:31.254730 25 storage/rocksdb.go:102            Options.merge_operator: cockroach_merge_operator
I201101 10:07:31.254733 25 storage/rocksdb.go:102         Options.compaction_filter: None
I201101 10:07:31.254738 25 storage/rocksdb.go:102         Options.compaction_filter_factory: None
I201101 10:07:31.254741 25 storage/rocksdb.go:102          Options.memtable_factory: SkipListFactory
I201101 10:07:31.254745 25 storage/rocksdb.go:102             Options.table_factory: BlockBasedTable
I201101 10:07:31.254789 25 storage/rocksdb.go:102             table_factory options:   flush_block_policy_factory: FlushBlockBySizePolicyFactory (000000000008e048)
  cache_index_and_filter_blocks: 0
  cache_index_and_filter_blocks_with_high_priority: 0
  pin_l0_filter_and_index_blocks_in_cache: 0
  pin_top_level_index_and_filter: 1
  index_type: 0
  data_block_index_type: 0
  index_shortening: 1
  data_block_hash_table_util_ratio: 0.750000
  hash_index_allow_collision: 1
  checksum: 1
  no_block_cache: 0
  block_cache: 0000000010d6b370
  block_cache_name: LRUCache
  block_cache_options:
    capacity : 1048576
    num_shard_bits : 4
    strict_capacity_limit : 0
    memory_allocator : None
    high_pri_pool_ratio: 0.000
  block_cache_compressed: 0000000000000000
  persistent_cache: 0000000000000000
  block_size: 32768
  block_size_deviation: 10
  block_restart_interval: 16
  index_block_restart_interval: 1
  metadata_block_size: 4096
  partition_filters: 0
  use_delta_encoding: 1
  filter_policy: rocksdb.BuiltinBloomFilter
  whole_key_filtering: 0
  verify_compression: 0
  read_amp_bytes_per_bit: 0
  format_version: 2
  enable_index_compression: 1
  block_align: 0
I201101 10:07:31.254800 25 storage/rocksdb.go:102         Options.write_buffer_size: 67108864
I201101 10:07:31.254805 25 storage/rocksdb.go:102   Options.max_write_buffer_number: 4
I201101 10:07:31.254809 25 storage/rocksdb.go:102           Options.compression: Snappy
I201101 10:07:31.254814 25 storage/rocksdb.go:102                   Options.bottommost_compression: Disabled
I201101 10:07:31.254817 25 storage/rocksdb.go:102        Options.prefix_extractor: cockroach_prefix_extractor
I201101 10:07:31.254820 25 storage/rocksdb.go:102    Options.memtable_insert_with_hint_prefix_extractor: nullptr
I201101 10:07:31.254823 25 storage/rocksdb.go:102              Options.num_levels: 7
I201101 10:07:31.254826 25 storage/rocksdb.go:102         Options.min_write_buffer_number_to_merge: 1
I201101 10:07:31.254829 25 storage/rocksdb.go:102      Options.max_write_buffer_number_to_maintain: 0
I201101 10:07:31.254832 25 storage/rocksdb.go:102             Options.bottommost_compression_opts.window_bits: -14
I201101 10:07:31.254836 25 storage/rocksdb.go:102                   Options.bottommost_compression_opts.level: 32767
I201101 10:07:31.254839 25 storage/rocksdb.go:102                Options.bottommost_compression_opts.strategy: 0
I201101 10:07:31.254842 25 storage/rocksdb.go:102          Options.bottommost_compression_opts.max_dict_bytes: 0
I201101 10:07:31.254845 25 storage/rocksdb.go:102          Options.bottommost_compression_opts.zstd_max_train_bytes: 0
I201101 10:07:31.254848 25 storage/rocksdb.go:102                   Options.bottommost_compression_opts.enabled: false
I201101 10:07:31.254851 25 storage/rocksdb.go:102             Options.compression_opts.window_bits: -14
I201101 10:07:31.254854 25 storage/rocksdb.go:102                   Options.compression_opts.level: 32767
I201101 10:07:31.254857 25 storage/rocksdb.go:102                Options.compression_opts.strategy: 0
I201101 10:07:31.254860 25 storage/rocksdb.go:102          Options.compression_opts.max_dict_bytes: 0
I201101 10:07:31.254863 25 storage/rocksdb.go:102          Options.compression_opts.zstd_max_train_bytes: 0
I201101 10:07:31.254866 25 storage/rocksdb.go:102                   Options.compression_opts.enabled: false
I201101 10:07:31.254869 25 storage/rocksdb.go:102       Options.level0_file_num_compaction_trigger: 2
I201101 10:07:31.254872 25 storage/rocksdb.go:102           Options.level0_slowdown_writes_trigger: 950
I201101 10:07:31.254875 25 storage/rocksdb.go:102               Options.level0_stop_writes_trigger: 1000
I201101 10:07:31.254878 25 storage/rocksdb.go:102                    Options.target_file_size_base: 4194304
I201101 10:07:31.254881 25 storage/rocksdb.go:102              Options.target_file_size_multiplier: 2
I201101 10:07:31.254885 25 storage/rocksdb.go:102                 Options.max_bytes_for_level_base: 67108864
I201101 10:07:31.254888 25 storage/rocksdb.go:102  Options.level_compaction_dynamic_level_bytes: 1
I201101 10:07:31.254891 25 storage/rocksdb.go:102           Options.max_bytes_for_level_multiplier: 10.000000
I201101 10:07:31.254895 25 storage/rocksdb.go:102  Options.max_bytes_for_level_multiplier_addtl[0]: 1
I201101 10:07:31.254898 25 storage/rocksdb.go:102  Options.max_bytes_for_level_multiplier_addtl[1]: 1
I201101 10:07:31.254901 25 storage/rocksdb.go:102  Options.max_bytes_for_level_multiplier_addtl[2]: 1
I201101 10:07:31.254904 25 storage/rocksdb.go:102  Options.max_bytes_for_level_multiplier_addtl[3]: 1
I201101 10:07:31.254907 25 storage/rocksdb.go:102  Options.max_bytes_for_level_multiplier_addtl[4]: 1
I201101 10:07:31.254910 25 storage/rocksdb.go:102  Options.max_bytes_for_level_multiplier_addtl[5]: 1
I201101 10:07:31.254913 25 storage/rocksdb.go:102  Options.max_bytes_for_level_multiplier_addtl[6]: 1
I201101 10:07:31.254916 25 storage/rocksdb.go:102        Options.max_sequential_skip_in_iterations: 8
I201101 10:07:31.254919 25 storage/rocksdb.go:102                     Options.max_compaction_bytes: 104857600
I201101 10:07:31.254923 25 storage/rocksdb.go:102                         Options.arena_block_size: 8388608
I201101 10:07:31.254926 25 storage/rocksdb.go:102    Options.soft_pending_compaction_bytes_limit: 2199023255552
I201101 10:07:31.254929 25 storage/rocksdb.go:102    Options.hard_pending_compaction_bytes_limit: 4400193994752
I201101 10:07:31.254932 25 storage/rocksdb.go:102        Options.rate_limit_delay_max_milliseconds: 100
I201101 10:07:31.254935 25 storage/rocksdb.go:102                 Options.disable_auto_compactions: 0
I201101 10:07:31.254939 25 storage/rocksdb.go:102                         Options.compaction_style: kCompactionStyleLevel
I201101 10:07:31.254942 25 storage/rocksdb.go:102                           Options.compaction_pri: kMinOverlappingRatio
I201101 10:07:31.254945 25 storage/rocksdb.go:102  Options.compaction_options_universal.size_ratio: 1
I201101 10:07:31.254948 25 storage/rocksdb.go:102  Options.compaction_options_universal.min_merge_width: 2
I201101 10:07:31.254951 25 storage/rocksdb.go:102  Options.compaction_options_universal.max_merge_width: 4294967295
I201101 10:07:31.254954 25 storage/rocksdb.go:102  Options.compaction_options_universal.max_size_amplification_percent: 200
I201101 10:07:31.254958 25 storage/rocksdb.go:102  Options.compaction_options_universal.compression_size_percent: -1
I201101 10:07:31.254961 25 storage/rocksdb.go:102  Options.compaction_options_universal.stop_style: kCompactionStopStyleTotalSize
I201101 10:07:31.254964 25 storage/rocksdb.go:102  Options.compaction_options_fifo.max_table_files_size: 1073741824
I201101 10:07:31.254968 25 storage/rocksdb.go:102  Options.compaction_options_fifo.allow_compaction: 0
I201101 10:07:31.254974 25 storage/rocksdb.go:102                    Options.table_properties_collectors: TimeBoundTblPropCollectorFactory; DeleteRangeTblPropCollectorFactory; 
I201101 10:07:31.254978 25 storage/rocksdb.go:102                    Options.inplace_update_support: 0
I201101 10:07:31.254981 25 storage/rocksdb.go:102                  Options.inplace_update_num_locks: 10000
I201101 10:07:31.254984 25 storage/rocksdb.go:102                Options.memtable_prefix_bloom_size_ratio: 0.000000
I201101 10:07:31.254987 25 storage/rocksdb.go:102                Options.memtable_whole_key_filtering: 0
I201101 10:07:31.254990 25 storage/rocksdb.go:102    Options.memtable_huge_page_size: 0
I201101 10:07:31.254993 25 storage/rocksdb.go:102                            Options.bloom_locality: 0
I201101 10:07:31.254996 25 storage/rocksdb.go:102                     Options.max_successive_merges: 0
I201101 10:07:31.254999 25 storage/rocksdb.go:102                 Options.optimize_filters_for_hits: 1
I201101 10:07:31.255002 25 storage/rocksdb.go:102                 Options.paranoid_file_checks: 0
I201101 10:07:31.255005 25 storage/rocksdb.go:102                 Options.force_consistency_checks: 0
I201101 10:07:31.255008 25 storage/rocksdb.go:102                 Options.report_bg_io_stats: 0
I201101 10:07:31.255011 25 storage/rocksdb.go:102                                Options.ttl: 0
I201101 10:07:31.255014 25 storage/rocksdb.go:102           Options.periodic_compaction_seconds: 0
I201101 10:07:31.256019 25 storage/rocksdb.go:102  [db/version_set.cc:4286] Recovered from manifest file:C:\Users\samue\Documents\GitHub\halloweenWeb\cockroach-data\cockroach-temp339074403/MANIFEST-000001 succeeded,manifest_file_number is 1, next_file_number is 3, last_sequence is 0, log_number is 0,prev_log_number is 0,max_column_family is 0,min_log_number_to_keep is 0
I201101 10:07:31.256024 25 storage/rocksdb.go:102  [db/version_set.cc:4295] Column family [default] (ID 0), log number is 0
I201101 10:07:31.264166 25 storage/rocksdb.go:102  DB pointer 00000000168a9000
I201101 10:07:31.567277 25 storage/rocksdb.go:102  RocksDB version: 6.2.1
I201101 10:07:31.567283 25 storage/rocksdb.go:102  Git sha rocksdb_build_git_sha:@@
I201101 10:07:31.567286 25 storage/rocksdb.go:102  Compile date Oct 21 2020
I201101 10:07:31.567290 25 storage/rocksdb.go:102  DB SUMMARY
I201101 10:07:31.567429 25 storage/rocksdb.go:102  CURRENT file:  CURRENT
I201101 10:07:31.567433 25 storage/rocksdb.go:102  IDENTITY file:  IDENTITY
I201101 10:07:31.567475 25 storage/rocksdb.go:102  MANIFEST file:  MANIFEST-000041 size: 321 Bytes
I201101 10:07:31.567480 25 storage/rocksdb.go:102  SST files in C:\Users\samue\Documents\GitHub\halloweenWeb\cockroach-data dir, Total Num: 1, files: 000045.sst 
I201101 10:07:31.567483 25 storage/rocksdb.go:102  Write Ahead Log file in C:\Users\samue\Documents\GitHub\halloweenWeb\cockroach-data: 000042.log size: 2070548 ; 
I201101 10:07:31.567487 25 storage/rocksdb.go:102                          Options.error_if_exists: 0
I201101 10:07:31.567490 25 storage/rocksdb.go:102                        Options.create_if_missing: 1
I201101 10:07:31.567493 25 storage/rocksdb.go:102                          Options.paranoid_checks: 1
I201101 10:07:31.567497 25 storage/rocksdb.go:102                                      Options.env: 00000000000ab280
I201101 10:07:31.567500 25 storage/rocksdb.go:102                                 Options.info_log: 0000000016a810c0
I201101 10:07:31.567504 25 storage/rocksdb.go:102                 Options.max_file_opening_threads: 16
I201101 10:07:31.567507 25 storage/rocksdb.go:102                               Options.statistics: 0000000017b29010
I201101 10:07:31.567510 25 storage/rocksdb.go:102                                Options.use_fsync: 0
I201101 10:07:31.567513 25 storage/rocksdb.go:102                        Options.max_log_file_size: 0
I201101 10:07:31.567516 25 storage/rocksdb.go:102                   Options.max_manifest_file_size: 134217728
I201101 10:07:31.567519 25 storage/rocksdb.go:102                    Options.log_file_time_to_roll: 0
I201101 10:07:31.567523 25 storage/rocksdb.go:102                        Options.keep_log_file_num: 1000
I201101 10:07:31.567526 25 storage/rocksdb.go:102                     Options.recycle_log_file_num: 1
I201101 10:07:31.567529 25 storage/rocksdb.go:102                          Options.allow_fallocate: 1
I201101 10:07:31.567532 25 storage/rocksdb.go:102                         Options.allow_mmap_reads: 0
I201101 10:07:31.567535 25 storage/rocksdb.go:102                        Options.allow_mmap_writes: 0
I201101 10:07:31.567538 25 storage/rocksdb.go:102                         Options.use_direct_reads: 0
I201101 10:07:31.567541 25 storage/rocksdb.go:102                         Options.use_direct_io_for_flush_and_compaction: 0
I201101 10:07:31.567545 25 storage/rocksdb.go:102           Options.create_missing_column_families: 0
I201101 10:07:31.567548 25 storage/rocksdb.go:102                               Options.db_log_dir: 
I201101 10:07:31.567552 25 storage/rocksdb.go:102                                  Options.wal_dir: C:\Users\samue\Documents\GitHub\halloweenWeb\cockroach-data
I201101 10:07:31.567555 25 storage/rocksdb.go:102                 Options.table_cache_numshardbits: 6
I201101 10:07:31.567558 25 storage/rocksdb.go:102                       Options.max_subcompactions: 1
I201101 10:07:31.567561 25 storage/rocksdb.go:102                   Options.max_background_flushes: -1
I201101 10:07:31.567564 25 storage/rocksdb.go:102                          Options.WAL_ttl_seconds: 0
I201101 10:07:31.567567 25 storage/rocksdb.go:102                        Options.WAL_size_limit_MB: 0
I201101 10:07:31.567571 25 storage/rocksdb.go:102              Options.manifest_preallocation_size: 4194304
I201101 10:07:31.567574 25 storage/rocksdb.go:102                      Options.is_fd_close_on_exec: 1
I201101 10:07:31.567577 25 storage/rocksdb.go:102                    Options.advise_random_on_open: 1
I201101 10:07:31.567580 25 storage/rocksdb.go:102                     Options.db_write_buffer_size: 0
I201101 10:07:31.567583 25 storage/rocksdb.go:102                     Options.write_buffer_manager: 0000000017bf1030
I201101 10:07:31.567587 25 storage/rocksdb.go:102          Options.access_hint_on_compaction_start: 1
I201101 10:07:31.567590 25 storage/rocksdb.go:102   Options.new_table_reader_for_compaction_inputs: 0
I201101 10:07:31.567593 25 storage/rocksdb.go:102            Options.random_access_max_buffer_size: 1048576
I201101 10:07:31.567596 25 storage/rocksdb.go:102                       Options.use_adaptive_mutex: 0
I201101 10:07:31.567599 25 storage/rocksdb.go:102                             Options.rate_limiter: 0000000000000000
I201101 10:07:31.567603 25 storage/rocksdb.go:102      Options.sst_file_manager.rate_bytes_per_sec: 0
I201101 10:07:31.567606 25 storage/rocksdb.go:102                        Options.wal_recovery_mode: 0
I201101 10:07:31.567609 25 storage/rocksdb.go:102                   Options.enable_thread_tracking: 0
I201101 10:07:31.567612 25 storage/rocksdb.go:102                   Options.enable_pipelined_write: 0
I201101 10:07:31.567615 25 storage/rocksdb.go:102          Options.allow_concurrent_memtable_write: 1
I201101 10:07:31.567618 25 storage/rocksdb.go:102       Options.enable_write_thread_adaptive_yield: 1
I201101 10:07:31.567621 25 storage/rocksdb.go:102              Options.write_thread_max_yield_usec: 100
I201101 10:07:31.567624 25 storage/rocksdb.go:102             Options.write_thread_slow_yield_usec: 3
I201101 10:07:31.567627 25 storage/rocksdb.go:102                                Options.row_cache: None
I201101 10:07:31.567630 25 storage/rocksdb.go:102                               Options.wal_filter: None
I201101 10:07:31.567634 25 storage/rocksdb.go:102              Options.avoid_flush_during_recovery: 0
I201101 10:07:31.567637 25 storage/rocksdb.go:102              Options.allow_ingest_behind: 0
I201101 10:07:31.567640 25 storage/rocksdb.go:102              Options.preserve_deletes: 0
I201101 10:07:31.567643 25 storage/rocksdb.go:102              Options.two_write_queues: 0
I201101 10:07:31.567646 25 storage/rocksdb.go:102              Options.manual_wal_flush: 1
I201101 10:07:31.567649 25 storage/rocksdb.go:102              Options.atomic_flush: 0
I201101 10:07:31.567652 25 storage/rocksdb.go:102              Options.avoid_unnecessary_blocking_io: 0
I201101 10:07:31.567656 25 storage/rocksdb.go:102              Options.max_background_jobs: 4
I201101 10:07:31.567659 25 storage/rocksdb.go:102              Options.max_background_compactions: -1
I201101 10:07:31.567662 25 storage/rocksdb.go:102              Options.avoid_flush_during_shutdown: 0
I201101 10:07:31.567665 25 storage/rocksdb.go:102            Options.writable_file_max_buffer_size: 1048576
I201101 10:07:31.567669 25 storage/rocksdb.go:102              Options.delayed_write_rate : 16777216
I201101 10:07:31.567672 25 storage/rocksdb.go:102              Options.max_total_wal_size: 0
I201101 10:07:31.567675 25 storage/rocksdb.go:102              Options.delete_obsolete_files_period_micros: 21600000000
I201101 10:07:31.567678 25 storage/rocksdb.go:102                    Options.stats_dump_period_sec: 0
I201101 10:07:31.567681 25 storage/rocksdb.go:102                  Options.stats_persist_period_sec: 600
I201101 10:07:31.567685 25 storage/rocksdb.go:102                  Options.stats_history_buffer_size: 1048576
I201101 10:07:31.567688 25 storage/rocksdb.go:102                           Options.max_open_files: 10000
I201101 10:07:31.567691 25 storage/rocksdb.go:102                           Options.bytes_per_sync: 524288
I201101 10:07:31.567695 25 storage/rocksdb.go:102                       Options.wal_bytes_per_sync: 0
I201101 10:07:31.567698 25 storage/rocksdb.go:102                    Options.strict_bytes_per_sync: 1
I201101 10:07:31.567701 25 storage/rocksdb.go:102        Options.compaction_readahead_size: 0
I201101 10:07:31.567704 25 storage/rocksdb.go:102  Compression algorithms supported:
I201101 10:07:31.567708 25 storage/rocksdb.go:102  	kZSTDNotFinalCompression supported: 0
I201101 10:07:31.567711 25 storage/rocksdb.go:102  	kZSTD supported: 0
I201101 10:07:31.567714 25 storage/rocksdb.go:102  	kXpressCompression supported: 0
I201101 10:07:31.567717 25 storage/rocksdb.go:102  	kLZ4HCCompression supported: 0
I201101 10:07:31.567720 25 storage/rocksdb.go:102  	kLZ4Compression supported: 0
I201101 10:07:31.567724 25 storage/rocksdb.go:102  	kBZip2Compression supported: 0
I201101 10:07:31.567727 25 storage/rocksdb.go:102  	kZlibCompression supported: 0
I201101 10:07:31.567730 25 storage/rocksdb.go:102  	kSnappyCompression supported: 1
I201101 10:07:31.567735 25 storage/rocksdb.go:102  Fast CRC32 supported: Supported on x86
I201101 10:07:31.568281 25 storage/rocksdb.go:102  [db/version_set.cc:4072] Recovering from manifest file: C:\Users\samue\Documents\GitHub\halloweenWeb\cockroach-data/MANIFEST-000041
I201101 10:07:31.568393 25 storage/rocksdb.go:102  [db/column_family.cc:488] --------------- Options for column family [default]:
I201101 10:07:31.568398 25 storage/rocksdb.go:102                Options.comparator: cockroach_comparator
I201101 10:07:31.568401 25 storage/rocksdb.go:102            Options.merge_operator: cockroach_merge_operator
I201101 10:07:31.568404 25 storage/rocksdb.go:102         Options.compaction_filter: None
I201101 10:07:31.568408 25 storage/rocksdb.go:102         Options.compaction_filter_factory: None
I201101 10:07:31.568411 25 storage/rocksdb.go:102          Options.memtable_factory: SkipListFactory
I201101 10:07:31.568414 25 storage/rocksdb.go:102             Options.table_factory: BlockBasedTable
I201101 10:07:31.568453 25 storage/rocksdb.go:102             table_factory options:   flush_block_policy_factory: FlushBlockBySizePolicyFactory (0000000017b28028)
  cache_index_and_filter_blocks: 0
  cache_index_and_filter_blocks_with_high_priority: 0
  pin_l0_filter_and_index_blocks_in_cache: 0
  pin_top_level_index_and_filter: 1
  index_type: 0
  data_block_index_type: 0
  index_shortening: 1
  data_block_hash_table_util_ratio: 0.750000
  hash_index_allow_collision: 1
  checksum: 1
  no_block_cache: 0
  block_cache: 0000000016a82010
  block_cache_name: LRUCache
  block_cache_options:
    capacity : 67108864
    num_shard_bits : 4
    strict_capacity_limit : 0
    memory_allocator : None
    high_pri_pool_ratio: 0.000
  block_cache_compressed: 0000000000000000
  persistent_cache: 0000000000000000
  block_size: 32768
  block_size_deviation: 10
  block_restart_interval: 16
  index_block_restart_interval: 1
  metadata_block_size: 4096
  partition_filters: 0
  use_delta_encoding: 1
  filter_policy: rocksdb.BuiltinBloomFilter
  whole_key_filtering: 0
  verify_compression: 0
  read_amp_bytes_per_bit: 0
  format_version: 2
  enable_index_compression: 1
  block_align: 0
I201101 10:07:31.568459 25 storage/rocksdb.go:102         Options.write_buffer_size: 67108864
I201101 10:07:31.568463 25 storage/rocksdb.go:102   Options.max_write_buffer_number: 4
I201101 10:07:31.568467 25 storage/rocksdb.go:102           Options.compression: Snappy
I201101 10:07:31.568470 25 storage/rocksdb.go:102                   Options.bottommost_compression: Disabled
I201101 10:07:31.568474 25 storage/rocksdb.go:102        Options.prefix_extractor: cockroach_prefix_extractor
I201101 10:07:31.568477 25 storage/rocksdb.go:102    Options.memtable_insert_with_hint_prefix_extractor: nullptr
I201101 10:07:31.568481 25 storage/rocksdb.go:102              Options.num_levels: 7
I201101 10:07:31.568484 25 storage/rocksdb.go:102         Options.min_write_buffer_number_to_merge: 1
I201101 10:07:31.568487 25 storage/rocksdb.go:102      Options.max_write_buffer_number_to_maintain: 0
I201101 10:07:31.568490 25 storage/rocksdb.go:102             Options.bottommost_compression_opts.window_bits: -14
I201101 10:07:31.568493 25 storage/rocksdb.go:102                   Options.bottommost_compression_opts.level: 32767
I201101 10:07:31.568496 25 storage/rocksdb.go:102                Options.bottommost_compression_opts.strategy: 0
I201101 10:07:31.568499 25 storage/rocksdb.go:102          Options.bottommost_compression_opts.max_dict_bytes: 0
I201101 10:07:31.568502 25 storage/rocksdb.go:102          Options.bottommost_compression_opts.zstd_max_train_bytes: 0
I201101 10:07:31.568505 25 storage/rocksdb.go:102                   Options.bottommost_compression_opts.enabled: false
I201101 10:07:31.568508 25 storage/rocksdb.go:102             Options.compression_opts.window_bits: -14
I201101 10:07:31.568511 25 storage/rocksdb.go:102                   Options.compression_opts.level: 32767
I201101 10:07:31.568514 25 storage/rocksdb.go:102                Options.compression_opts.strategy: 0
I201101 10:07:31.568517 25 storage/rocksdb.go:102          Options.compression_opts.max_dict_bytes: 0
I201101 10:07:31.568520 25 storage/rocksdb.go:102          Options.compression_opts.zstd_max_train_bytes: 0
I201101 10:07:31.568523 25 storage/rocksdb.go:102                   Options.compression_opts.enabled: false
I201101 10:07:31.568527 25 storage/rocksdb.go:102       Options.level0_file_num_compaction_trigger: 2
I201101 10:07:31.568530 25 storage/rocksdb.go:102           Options.level0_slowdown_writes_trigger: 950
I201101 10:07:31.568533 25 storage/rocksdb.go:102               Options.level0_stop_writes_trigger: 1000
I201101 10:07:31.568536 25 storage/rocksdb.go:102                    Options.target_file_size_base: 4194304
I201101 10:07:31.568539 25 storage/rocksdb.go:102              Options.target_file_size_multiplier: 2
I201101 10:07:31.568542 25 storage/rocksdb.go:102                 Options.max_bytes_for_level_base: 67108864
I201101 10:07:31.568545 25 storage/rocksdb.go:102  Options.level_compaction_dynamic_level_bytes: 1
I201101 10:07:31.568549 25 storage/rocksdb.go:102           Options.max_bytes_for_level_multiplier: 10.000000
I201101 10:07:31.568552 25 storage/rocksdb.go:102  Options.max_bytes_for_level_multiplier_addtl[0]: 1
I201101 10:07:31.568555 25 storage/rocksdb.go:102  Options.max_bytes_for_level_multiplier_addtl[1]: 1
I201101 10:07:31.568558 25 storage/rocksdb.go:102  Options.max_bytes_for_level_multiplier_addtl[2]: 1
I201101 10:07:31.568562 25 storage/rocksdb.go:102  Options.max_bytes_for_level_multiplier_addtl[3]: 1
I201101 10:07:31.568565 25 storage/rocksdb.go:102  Options.max_bytes_for_level_multiplier_addtl[4]: 1
I201101 10:07:31.568568 25 storage/rocksdb.go:102  Options.max_bytes_for_level_multiplier_addtl[5]: 1
I201101 10:07:31.568571 25 storage/rocksdb.go:102  Options.max_bytes_for_level_multiplier_addtl[6]: 1
I201101 10:07:31.568575 25 storage/rocksdb.go:102        Options.max_sequential_skip_in_iterations: 8
I201101 10:07:31.568578 25 storage/rocksdb.go:102                     Options.max_compaction_bytes: 104857600
I201101 10:07:31.568581 25 storage/rocksdb.go:102                         Options.arena_block_size: 8388608
I201101 10:07:31.568584 25 storage/rocksdb.go:102    Options.soft_pending_compaction_bytes_limit: 2199023255552
I201101 10:07:31.568587 25 storage/rocksdb.go:102    Options.hard_pending_compaction_bytes_limit: 4400193994752
I201101 10:07:31.568590 25 storage/rocksdb.go:102        Options.rate_limit_delay_max_milliseconds: 100
I201101 10:07:31.568593 25 storage/rocksdb.go:102                 Options.disable_auto_compactions: 0
I201101 10:07:31.568597 25 storage/rocksdb.go:102                         Options.compaction_style: kCompactionStyleLevel
I201101 10:07:31.568600 25 storage/rocksdb.go:102                           Options.compaction_pri: kMinOverlappingRatio
I201101 10:07:31.568603 25 storage/rocksdb.go:102  Options.compaction_options_universal.size_ratio: 1
I201101 10:07:31.568607 25 storage/rocksdb.go:102  Options.compaction_options_universal.min_merge_width: 2
I201101 10:07:31.568610 25 storage/rocksdb.go:102  Options.compaction_options_universal.max_merge_width: 4294967295
I201101 10:07:31.568613 25 storage/rocksdb.go:102  Options.compaction_options_universal.max_size_amplification_percent: 200
I201101 10:07:31.568616 25 storage/rocksdb.go:102  Options.compaction_options_universal.compression_size_percent: -1
I201101 10:07:31.568620 25 storage/rocksdb.go:102  Options.compaction_options_universal.stop_style: kCompactionStopStyleTotalSize
I201101 10:07:31.568623 25 storage/rocksdb.go:102  Options.compaction_options_fifo.max_table_files_size: 1073741824
I201101 10:07:31.568626 25 storage/rocksdb.go:102  Options.compaction_options_fifo.allow_compaction: 0
I201101 10:07:31.568634 25 storage/rocksdb.go:102                    Options.table_properties_collectors: TimeBoundTblPropCollectorFactory; DeleteRangeTblPropCollectorFactory; 
I201101 10:07:31.568638 25 storage/rocksdb.go:102                    Options.inplace_update_support: 0
I201101 10:07:31.568641 25 storage/rocksdb.go:102                  Options.inplace_update_num_locks: 10000
I201101 10:07:31.568645 25 storage/rocksdb.go:102                Options.memtable_prefix_bloom_size_ratio: 0.000000
I201101 10:07:31.568648 25 storage/rocksdb.go:102                Options.memtable_whole_key_filtering: 0
I201101 10:07:31.568651 25 storage/rocksdb.go:102    Options.memtable_huge_page_size: 0
I201101 10:07:31.568654 25 storage/rocksdb.go:102                            Options.bloom_locality: 0
I201101 10:07:31.568657 25 storage/rocksdb.go:102                     Options.max_successive_merges: 0
I201101 10:07:31.568661 25 storage/rocksdb.go:102                 Options.optimize_filters_for_hits: 1
I201101 10:07:31.568664 25 storage/rocksdb.go:102                 Options.paranoid_file_checks: 0
I201101 10:07:31.568667 25 storage/rocksdb.go:102                 Options.force_consistency_checks: 0
I201101 10:07:31.568670 25 storage/rocksdb.go:102                 Options.report_bg_io_stats: 0
I201101 10:07:31.568673 25 storage/rocksdb.go:102                                Options.ttl: 0
I201101 10:07:31.568676 25 storage/rocksdb.go:102           Options.periodic_compaction_seconds: 0
I201101 10:07:31.569666 25 storage/rocksdb.go:102  [db/version_set.cc:3086] More existing levels in DB than needed. max_bytes_for_level_multiplier may not be guaranteed.
I201101 10:07:31.569676 25 storage/rocksdb.go:102  [db/version_set.cc:4286] Recovered from manifest file:C:\Users\samue\Documents\GitHub\halloweenWeb\cockroach-data/MANIFEST-000041 succeeded,manifest_file_number is 41, next_file_number is 47, last_sequence is 1564791, log_number is 40,prev_log_number is 0,max_column_family is 0,min_log_number_to_keep is 0
I201101 10:07:31.569679 25 storage/rocksdb.go:102  [db/version_set.cc:4295] Column family [default] (ID 0), log number is 40
I201101 10:07:31.569919 25 storage/rocksdb.go:102  EVENT_LOG_v1 {"time_micros": 1604225251569680, "job": 1, "event": "recovery_started", "log_files": [42]}
I201101 10:07:31.569927 25 storage/rocksdb.go:102  [db/db_impl_open.cc:598] Recovering log #42 mode 0
I201101 10:07:31.598999 25 storage/rocksdb.go:102  EVENT_LOG_v1 {"time_micros": 1604225251598723, "cf_name": "default", "job": 1, "event": "table_file_creation", "file_number": 47, "file_size": 76309, "table_properties": {"data_size": 73512, "index_size": 291, "index_partitions": 0, "top_level_index_size": 0, "index_key_is_user_key": 0, "index_value_is_delta_encoded": 0, "filter_size": 1605, "raw_key_size": 53012, "raw_average_key_size": 42, "raw_value_size": 284415, "raw_average_value_size": 226, "num_data_blocks": 7, "num_entries": 1258, "num_deletions": 179, "num_merge_operands": 692, "num_range_deletions": 692, "format_version": 0, "fixed_key_len": 0, "filter_policy": "rocksdb.BuiltinBloomFilter", "column_family_name": "default", "column_family_id": 0, "comparator": "cockroach_comparator", "merge_operator": "cockroach_merge_operator", "prefix_extractor_name": "cockroach_prefix_extractor", "property_collectors": "[TimeBoundTblPropCollectorFactory,DeleteRangeTblPropCollectorFactory]", "compression": "Snappy", "compression_options": "window_bits=-14; level=32767; strategy=0; max_dict_bytes=0; zstd_max_train_bytes=0; enabled=0; ", "creation_time": 1604225251, "oldest_key_time": 3, "file_creation_time": 0}}
I201101 10:07:31.599197 25 storage/rocksdb.go:102  [db/version_set.cc:3560] Creating manifest 48
I201101 10:07:31.599623 25 storage/rocksdb.go:102  [db/version_set.cc:3086] More existing levels in DB than needed. max_bytes_for_level_multiplier may not be guaranteed.
I201101 10:07:31.606279 25 storage/rocksdb.go:102  EVENT_LOG_v1 {"time_micros": 1604225251605730, "job": 1, "event": "recovery_finished"}
I201101 10:07:31.615093 25 storage/rocksdb.go:102  DB pointer 0000000017c01000
I201101 10:20:37.333054 26592 storage/rocksdb.go:102  bloom filter utility:    nan%
I201101 10:20:37.333928 26592 storage/rocksdb.go:102  [db/db_impl.cc:392] Shutdown: canceling all background work
I201101 10:20:37.335587 26592 storage/rocksdb.go:102  [db/db_impl.cc:565] Shutdown complete
I201101 10:20:37.341889 26592 storage/rocksdb.go:102  bloom filter utility:    95.2%
I201101 10:20:37.342655 26592 storage/rocksdb.go:102  [db/db_impl.cc:392] Shutdown: canceling all background work
I201101 10:20:37.352991 26592 storage/rocksdb.go:102  [db/db_impl.cc:565] Shutdown complete
