I201101 10:05:31.393933 1 util/log/sync_buffer.go:70  [config] file created at: 2020/11/01 10:05:31
I201101 10:05:31.393933 1 util/log/sync_buffer.go:70  [config] running on machine: DESKTOP-PDHEF09
I201101 10:05:31.393933 1 util/log/sync_buffer.go:70  [config] binary: CockroachDB CCL v20.1.8 (x86_64-w64-mingw32, built 2020/10/21 15:56:58, go1.13.9)
I201101 10:05:31.393933 1 util/log/sync_buffer.go:70  [config] arguments: [C:\Program Files\cockroach-v20.1.8.windows-6.2-amd64\cockroach-v20.1.8.windows-6.2-amd64\cockroach.exe start --insecure --join=localhost:26257]
I201101 10:05:31.393933 1 util/log/sync_buffer.go:70  line format: [IWEF]yymmdd hh:mm:ss.uuuuuu goid file:line msg utf8=✓
I201101 10:05:31.393931 1 cli/start.go:1223  logging to directory C:\Users\samue\Documents\GitHub\halloweenWeb\cockroach-data\logs
W201101 10:05:31.409429 1 cli/start.go:1272  RUNNING IN INSECURE MODE!

- Your cluster is open for any client that can access <all your IP addresses>.
- Any user, even root, can log in without providing a password.
- Any user, connecting as root, can read or write any data in your cluster.
- There is no network encryption nor authentication, and thus no confidentiality.

Check out how to secure your cluster: https://www.cockroachlabs.com/docs/v20.1/secure-a-cluster.html
W201101 10:05:31.409517 1 cli/start.go:1144  Using the default setting for --cache (128 MiB).
  A significantly larger value is usually needed for good performance.
  If you have a dedicated server a reasonable setting is --cache=.25 (16 GiB).
I201101 10:05:31.409549 1 cli/start.go:1286  CockroachDB CCL v20.1.8 (x86_64-w64-mingw32, built 2020/10/21 15:56:58, go1.13.9)
I201101 10:05:31.419012 1 server/config.go:404  system total memory: 64 GiB
I201101 10:05:31.419045 1 server/config.go:406  server configuration:
max offset             500000000
cache size             128 MiB
SQL memory pool size   16 GiB
scan interval          10m0s
scan min idle time     10ms
scan max idle time     1s
event log enabled      true
I201101 10:05:31.419062 1 cli/start.go:1129  process identity: uid S-1-5-21-2477386673-297547264-542362026-1001, gid S-1-5-21-2477386673-297547264-542362026-1001
I201101 10:05:31.419169 1 cli/start.go:697  starting cockroach node
I201101 10:05:31.428686 15 storage/rocksdb.go:606  opening rocksdb instance at "C:\\Users\\samue\\Documents\\GitHub\\halloweenWeb\\cockroach-data\\cockroach-temp546134403"
I201101 10:05:31.756964 15 server/server.go:1071  [n?] monitoring forward clock jumps based on server.clock.forward_jump_check_enabled
I201101 10:05:31.757798 15 storage/rocksdb.go:606  opening rocksdb instance at "C:\\Users\\samue\\Documents\\GitHub\\halloweenWeb\\cockroach-data"
I201101 10:05:32.205725 15 server/config.go:578  [n?] 1 storage engine initialized
I201101 10:05:32.205733 15 server/config.go:581  [n?] RocksDB cache size: 128 MiB
I201101 10:05:32.205737 15 server/config.go:581  [n?] store 0: RocksDB, max size 0 B, max open file limit 10000
W201101 10:05:32.218190 15 gossip/gossip.go:1513  [n?] no incoming or outgoing connections
W201101 10:05:32.219089 15 cli/start.go:1068  neither --listen-addr nor --advertise-addr was specified.
The server will advertise "DESKTOP-PDHEF09" to other nodes, is this routable?

Consider using:
- for local-only servers:  --listen-addr=localhost
- for multi-node clusters: --advertise-addr=<host/IP addr>
I201101 10:05:32.221248 15 server/server.go:1117  [n?] Sleeping till wall time 1604225132221215000 to catches up to 1604225132256923501 to ensure monotonicity. Delta: 35.708501ms
I201101 10:05:32.257645 15 gossip/gossip.go:395  [n1] NodeDescriptor set to node_id:1 address:<network_field:"tcp" address_field:"DESKTOP-PDHEF09:26257" > attrs:<> locality:<> ServerVersion:<major_val:20 minor_val:1 patch:0 unstable:0 > build_tag:"v20.1.8" started_at:1604225132257428200 cluster_name:"" sql_address:<network_field:"tcp" address_field:"DESKTOP-PDHEF09:26257" > 
I201101 10:05:32.260528 177 gossip/client.go:124  [n1] started gossip client to localhost:26257
I201101 10:05:32.261102 177 gossip/client.go:129  [n1] closing client to n1 (localhost:26257): stopping outgoing client to n1 (localhost:26257); loopback connection
W201101 10:05:32.270911 376 kv/kvserver/replica_range_lease.go:554  can't determine lease status due to node liveness error: node not in the liveness table
github.com/cockroachdb/cockroach/pkg/kv/kvserver.init
	/go/src/github.com/cockroachdb/cockroach/pkg/kv/kvserver/node_liveness.go:44
runtime.doInit
	/usr/local/go/src/runtime/proc.go:5222
runtime.doInit
	/usr/local/go/src/runtime/proc.go:5217
runtime.doInit
	/usr/local/go/src/runtime/proc.go:5217
runtime.doInit
	/usr/local/go/src/runtime/proc.go:5217
runtime.main
	/usr/local/go/src/runtime/proc.go:190
runtime.goexit
	/usr/local/go/src/runtime/asm_amd64.s:1357
W201101 10:05:32.270970 376 kv/kvserver/store.go:1631  [n1,s1,r6/1:/Table/{SystemCon…-11}] could not gossip system config: [NotLeaseHolderError] r6: replica (n1,s1):1 not lease holder; lease holder unknown
I201101 10:05:32.274026 15 server/node.go:428  [n1] initialized store [n1,s1]: disk (capacity=638 GiB, available=466 GiB, used=3.2 MiB, logicalBytes=62 MiB), ranges=32, leases=2, queries=0.00, writes=0.00, bytesPerReplica={p10=0.00 p25=0.00 p50=0.00 p75=1409.00 p90=14030.00 pMax=65095761.00}, writesPerReplica={p10=0.00 p25=0.00 p50=0.00 p75=0.00 p90=0.00 pMax=0.00}
I201101 10:05:32.274096 15 kv/kvserver/stores.go:247  [n1] read 0 node addresses from persistent storage
I201101 10:05:32.274166 15 server/node.go:649  [n1] connecting to gossip network to verify cluster ID...
I201101 10:05:32.274178 15 server/node.go:669  [n1] node connected via gossip and verified as part of cluster "846acbbe-3ab2-44bd-a1b7-9aa882763b89"
I201101 10:05:32.274236 15 server/node.go:512  [n1] node=1: started with [<no-attributes>=C:\Users\samue\Documents\GitHub\halloweenWeb\cockroach-data] engine(s) and attributes []
I201101 10:05:32.274353 404 sql/temporary_schema.go:459  [n1] running temporary object cleanup background job
I201101 10:05:32.274461 15 server/server.go:1656  [n1] starting http server at [::]:8080 (use: DESKTOP-PDHEF09:8080)
I201101 10:05:32.274472 15 server/server.go:1663  [n1] starting grpc/postgres server at [::]:26257
I201101 10:05:32.274482 15 server/server.go:1664  [n1] advertising CockroachDB node at DESKTOP-PDHEF09:26257
I201101 10:05:32.285515 404 sql/temporary_schema.go:494  [n1] found 0 temporary schemas
I201101 10:05:32.285528 404 sql/temporary_schema.go:497  [n1] early exiting temporary schema cleaner as no temporary schemas were found
I201101 10:05:32.285539 404 sql/temporary_schema.go:498  [n1] completed temporary object cleanup job
I201101 10:05:32.285551 404 sql/temporary_schema.go:575  [n1] temporary object cleaner next scheduled to run at 2020-11-01 10:35:32.2742649 +0000 UTC
I201101 10:05:32.287779 15 server/server.go:1824  [n1] done ensuring all necessary migrations have run
I201101 10:05:32.287801 15 server/server.go:2066  [n1] serving sql connections
I201101 10:05:32.287893 428 sqlmigrations/migrations.go:668  [n1] starting wait for upgrade finalization before schema change job migration
I201101 10:05:32.288007 15 cli/start.go:857  [config] clusterID: 846acbbe-3ab2-44bd-a1b7-9aa882763b89
I201101 10:05:32.288029 15 cli/start.go:866  node startup completed:
CockroachDB node starting at 2020-11-01 10:05:32.2879181 +0000 UTC (took 0.9s)
build:               CCL v20.1.8 @ 2020/10/21 15:56:58 (go1.13.9)
webui:               http://DESKTOP-PDHEF09:8080
sql:                 postgresql://root@DESKTOP-PDHEF09:26257?sslmode=disable
RPC client flags:    C:\Program Files\cockroach-v20.1.8.windows-6.2-amd64\cockroach-v20.1.8.windows-6.2-amd64\cockroach.exe <client cmd> --host=DESKTOP-PDHEF09:26257 --insecure
logs:                C:\Users\samue\Documents\GitHub\halloweenWeb\cockroach-data\logs
temp dir:            C:\Users\samue\Documents\GitHub\halloweenWeb\cockroach-data\cockroach-temp546134403
external I/O path:   C:\Users\samue\Documents\GitHub\halloweenWeb\cockroach-data\extern
store[0]:            path=C:\Users\samue\Documents\GitHub\halloweenWeb\cockroach-data
storage engine:      rocksdb
status:              restarted pre-existing node
clusterID:           846acbbe-3ab2-44bd-a1b7-9aa882763b89
nodeID:              1
I201101 10:05:32.288262 428 sqlmigrations/migrations.go:694  [n1] schema change job migration already complete
I201101 10:05:32.290542 426 server/server_update.go:55  [n1] no need to upgrade, cluster already at the newest version
I201101 10:05:32.296167 429 sql/event_log.go:132  [n1] Event: "node_restart", target: 1, info: {Descriptor:{NodeID:1 Address:DESKTOP-PDHEF09:26257 Attrs: Locality: ServerVersion:20.1 BuildTag:v20.1.8 StartedAt:1604225132257428200 LocalityAddress:[] ClusterName: SQLAddress:DESKTOP-PDHEF09:26257} ClusterID:846acbbe-3ab2-44bd-a1b7-9aa882763b89 StartedAt:1604225132257428200 LastUp:1604225071054183900}
I201101 10:05:33.218945 521 gossip/client.go:124  [n1] started gossip client to localhost:26257
I201101 10:05:33.219277 521 gossip/client.go:129  [n1] closing client to n1 (localhost:26257): stopping outgoing client to n1 (localhost:26257); loopback connection
I201101 10:05:33.219334 80 gossip/gossip.go:1527  [n1] node has connected to cluster via gossip
I201101 10:05:33.219450 80 kv/kvserver/stores.go:266  [n1] wrote 0 node addresses to persistent storage
W201101 10:05:42.274964 406 server/status/runtime.go:420  [n1] unable to get file descriptor usage (will not try again): not implemented on windows
I201101 10:05:42.567216 406 server/status/runtime.go:498  [n1] runtime stats: 90 MiB RSS, 249 goroutines, 62 MiB/624 KiB/79 MiB GO alloc/idle/total, 18 MiB/22 MiB CGO alloc/total, 0.0 CGO/sec, 0.0/0.0 %(u/s)time, 0.0 %gc (8x), 30 KiB/12 KiB (r/w)net
I201101 10:05:52.279875 384 kv/kvserver/store.go:2474  [n1,s1] sstables (read amplification = 1):
6 [ 2M 1 ]: 2M
I201101 10:05:52.280107 384 kv/kvserver/store.go:2475  [n1,s1] 
** Compaction Stats [default] **
Level    Files   Size     Score Read(GB)  Rn(GB) Rnp1(GB) Write(GB) Wnew(GB) Moved(GB) W-Amp Rd(MB/s) Wr(MB/s) Comp(sec) CompMergeCPU(sec) Comp(cnt) Avg(sec) KeyIn KeyDrop
----------------------------------------------------------------------------------------------------------------------------------------------------------------------------
  L0      0/0    0.00 KB   0.0      0.0     0.0      0.0       0.0      0.0       0.0   1.0      0.0      0.9      0.29              0.00         1    0.285       0      0
  L6      1/0    1.83 MB   0.0      0.0     0.0      0.0       0.0      0.0       0.0   4.0     39.8     37.3      0.05              0.00         1    0.049     17K   8229
 Sum      1/0    1.83 MB   0.0      0.0     0.0      0.0       0.0      0.0       0.0   8.3      5.8      6.2      0.33              0.00         2    0.167     17K   8229
 Int      0/0    0.00 KB   0.0      0.0     0.0      0.0       0.0      0.0       0.0   8.3      5.8      6.2      0.33              0.00         2    0.167     17K   8229

** Compaction Stats [default] **
Priority    Files   Size     Score Read(GB)  Rn(GB) Rnp1(GB) Write(GB) Wnew(GB) Moved(GB) W-Amp Rd(MB/s) Wr(MB/s) Comp(sec) CompMergeCPU(sec) Comp(cnt) Avg(sec) KeyIn KeyDrop
-------------------------------------------------------------------------------------------------------------------------------------------------------------------------------
 Low      0/0    0.00 KB   0.0      0.0     0.0      0.0       0.0      0.0       0.0   0.0     39.8     37.3      0.05              0.00         1    0.049     17K   8229
User      0/0    0.00 KB   0.0      0.0     0.0      0.0       0.0      0.0       0.0   0.0      0.0      0.9      0.29              0.00         1    0.285       0      0
Uptime(secs): 20.5 total, 20.5 interval
Flush(GB): cumulative 0.000, interval 0.000
AddFile(GB): cumulative 0.000, interval 0.000
AddFile(Total Files): cumulative 0, interval 0
AddFile(L0 Files): cumulative 0, interval 0
AddFile(Keys): cumulative 0, interval 0
Cumulative compaction: 0.00 GB write, 0.10 MB/s write, 0.00 GB read, 0.10 MB/s read, 0.3 seconds
Interval compaction: 0.00 GB write, 0.10 MB/s write, 0.00 GB read, 0.10 MB/s read, 0.3 seconds
Stalls(count): 0 level0_slowdown, 0 level0_slowdown_with_compaction, 0 level0_numfiles, 0 level0_numfiles_with_compaction, 0 stop for pending_compaction_bytes, 0 slowdown for pending_compaction_bytes, 0 memtable_compaction, 0 memtable_slowdown, interval 0 total count
estimated_pending_compaction_bytes: 0 B
I201101 10:05:52.571445 406 server/status/runtime.go:498  [n1] runtime stats: 98 MiB RSS, 249 goroutines, 57 MiB/13 MiB/86 MiB GO alloc/idle/total, 18 MiB/23 MiB CGO alloc/total, 347.3 CGO/sec, 0.9/0.6 %(u/s)time, 0.0 %gc (1x), 2.5 KiB/1.4 KiB (r/w)net
I201101 10:06:02.572144 406 server/status/runtime.go:498  [n1] runtime stats: 102 MiB RSS, 249 goroutines, 66 MiB/4.9 MiB/86 MiB GO alloc/idle/total, 19 MiB/24 MiB CGO alloc/total, 319.1 CGO/sec, 0.5/0.5 %(u/s)time, 0.0 %gc (0x), 1.9 KiB/2.1 KiB (r/w)net
I201101 10:06:12.575704 406 server/status/runtime.go:498  [n1] runtime stats: 106 MiB RSS, 250 goroutines, 75 MiB/320 KiB/92 MiB GO alloc/idle/total, 19 MiB/25 MiB CGO alloc/total, 280.0 CGO/sec, 0.3/0.3 %(u/s)time, 0.0 %gc (0x), 28 KiB/15 KiB (r/w)net
I201101 10:06:22.581963 406 server/status/runtime.go:498  [n1] runtime stats: 113 MiB RSS, 250 goroutines, 84 MiB/2.4 MiB/102 MiB GO alloc/idle/total, 20 MiB/25 MiB CGO alloc/total, 243.2 CGO/sec, 0.3/0.6 %(u/s)time, 0.0 %gc (0x), 20 KiB/780 B (r/w)net
I201101 10:06:32.282441 385 gossip/gossip.go:567  [n1] gossip status (ok, 1 node)
gossip client (0/3 cur/max conns)
gossip server (0/3 cur/max conns, infos 4/2 sent/received, bytes 698B/480B sent/received)
gossip connectivity
  n1 [sentinel];
I201101 10:06:32.581158 406 server/status/runtime.go:498  [n1] runtime stats: 119 MiB RSS, 251 goroutines, 58 MiB/32 MiB/108 MiB GO alloc/idle/total, 20 MiB/25 MiB CGO alloc/total, 227.6 CGO/sec, 0.3/0.6 %(u/s)time, 0.0 %gc (1x), 5.0 KiB/2.9 KiB (r/w)net
W201101 10:06:40.303221 257 kv/kvserver/store_raft.go:508  [n1,s1,r2/1:/System/NodeLiveness{-Max}] handle raft ready: 0.5s [applied=1, batches=1, state_assertions=1]
I201101 10:06:42.566832 406 server/status/runtime.go:498  [n1] runtime stats: 121 MiB RSS, 248 goroutines, 66 MiB/24 MiB/108 MiB GO alloc/idle/total, 20 MiB/25 MiB CGO alloc/total, 315.8 CGO/sec, 0.6/0.5 %(u/s)time, 0.0 %gc (0x), 3.0 KiB/4.7 KiB (r/w)net
I201101 10:06:52.571393 406 server/status/runtime.go:498  [n1] runtime stats: 122 MiB RSS, 248 goroutines, 73 MiB/18 MiB/108 MiB GO alloc/idle/total, 20 MiB/25 MiB CGO alloc/total, 212.1 CGO/sec, 0.5/0.5 %(u/s)time, 0.0 %gc (0x), 25 KiB/8.0 KiB (r/w)net
I201101 10:06:53.282881 1 cli/start.go:919  received signal 'interrupt'
I201101 10:06:53.284142 1 cli/start.go:1006  initiating graceful shutdown of server
I201101 10:06:53.285819 1791 server/drain.go:173  [server drain process] drain remaining: 1
I201101 10:06:53.286584 1791 server/drain.go:175  [server drain process] drain details: liveness record: 1
I201101 10:06:53.489184 1791 server/drain.go:173  [server drain process] drain remaining: 0
I201101 10:06:53.489957 1791 util/stop/stopper.go:539  [server drain process] quiescing
I201101 10:06:53.491039 1791 storage/rocksdb.go:746  closing rocksdb instance at "C:\\Users\\samue\\Documents\\GitHub\\halloweenWeb\\cockroach-data\\cockroach-temp546134403"
I201101 10:06:53.496929 1791 storage/rocksdb.go:746  closing rocksdb instance at "C:\\Users\\samue\\Documents\\GitHub\\halloweenWeb\\cockroach-data"
I201101 10:06:53.507091 1 cli/start.go:1048  server drained and shutdown completed
E201101 10:06:53.508398 1 cli/error.go:373  ERROR: interrupted
